{"/home/runner/work/smartmeter-obis/smartmeter-obis/lib/protocols/D0Protocol.js":{"path":"/home/runner/work/smartmeter-obis/smartmeter-obis/lib/protocols/D0Protocol.js","statementMap":{"0":{"start":{"line":7,"column":22},"end":{"line":7,"column":51}},"1":{"start":{"line":9,"column":19},"end":{"line":9,"column":53}},"2":{"start":{"line":10,"column":17},"end":{"line":10,"column":84}},"3":{"start":{"line":11,"column":25},"end":{"line":11,"column":63}},"4":{"start":{"line":22,"column":4},"end":{"line":22,"column":27}},"5":{"start":{"line":23,"column":4},"end":{"line":23,"column":39}},"6":{"start":{"line":25,"column":4},"end":{"line":25,"column":32}},"7":{"start":{"line":27,"column":4},"end":{"line":27,"column":30}},"8":{"start":{"line":28,"column":4},"end":{"line":28,"column":36}},"9":{"start":{"line":29,"column":4},"end":{"line":29,"column":68}},"10":{"start":{"line":30,"column":4},"end":{"line":30,"column":44}},"11":{"start":{"line":31,"column":4},"end":{"line":31,"column":42}},"12":{"start":{"line":32,"column":4},"end":{"line":32,"column":40}},"13":{"start":{"line":34,"column":4},"end":{"line":34,"column":94}},"14":{"start":{"line":34,"column":50},"end":{"line":34,"column":94}},"15":{"start":{"line":35,"column":4},"end":{"line":35,"column":90}},"16":{"start":{"line":35,"column":47},"end":{"line":35,"column":90}},"17":{"start":{"line":36,"column":4},"end":{"line":36,"column":89}},"18":{"start":{"line":36,"column":47},"end":{"line":36,"column":89}},"19":{"start":{"line":38,"column":4},"end":{"line":38,"column":74}},"20":{"start":{"line":39,"column":4},"end":{"line":39,"column":34}},"21":{"start":{"line":42,"column":0},"end":{"line":44,"column":2}},"22":{"start":{"line":43,"column":4},"end":{"line":43,"column":43}},"23":{"start":{"line":46,"column":0},"end":{"line":53,"column":2}},"24":{"start":{"line":48,"column":4},"end":{"line":48,"column":32}},"25":{"start":{"line":49,"column":4},"end":{"line":49,"column":30}},"26":{"start":{"line":50,"column":4},"end":{"line":50,"column":44}},"27":{"start":{"line":51,"column":4},"end":{"line":51,"column":40}},"28":{"start":{"line":52,"column":4},"end":{"line":52,"column":42}},"29":{"start":{"line":55,"column":0},"end":{"line":57,"column":2}},"30":{"start":{"line":56,"column":4},"end":{"line":56,"column":17}},"31":{"start":{"line":59,"column":0},"end":{"line":62,"column":2}},"32":{"start":{"line":60,"column":4},"end":{"line":60,"column":168}},"33":{"start":{"line":60,"column":34},"end":{"line":60,"column":168}},"34":{"start":{"line":61,"column":4},"end":{"line":61,"column":44}},"35":{"start":{"line":64,"column":0},"end":{"line":67,"column":2}},"36":{"start":{"line":65,"column":4},"end":{"line":65,"column":157}},"37":{"start":{"line":65,"column":34},"end":{"line":65,"column":157}},"38":{"start":{"line":66,"column":4},"end":{"line":66,"column":68}},"39":{"start":{"line":69,"column":0},"end":{"line":80,"column":2}},"40":{"start":{"line":70,"column":4},"end":{"line":70,"column":48}},"41":{"start":{"line":70,"column":39},"end":{"line":70,"column":48}},"42":{"start":{"line":71,"column":4},"end":{"line":71,"column":48}},"43":{"start":{"line":71,"column":39},"end":{"line":71,"column":48}},"44":{"start":{"line":72,"column":4},"end":{"line":75,"column":5}},"45":{"start":{"line":73,"column":8},"end":{"line":74,"column":26}},"46":{"start":{"line":73,"column":60},"end":{"line":73,"column":69}},"47":{"start":{"line":74,"column":17},"end":{"line":74,"column":26}},"48":{"start":{"line":76,"column":4},"end":{"line":78,"column":5}},"49":{"start":{"line":77,"column":8},"end":{"line":77,"column":79}},"50":{"start":{"line":77,"column":70},"end":{"line":77,"column":79}},"51":{"start":{"line":79,"column":4},"end":{"line":79,"column":13}},"52":{"start":{"line":82,"column":0},"end":{"line":126,"column":2}},"53":{"start":{"line":83,"column":4},"end":{"line":83,"column":128}},"54":{"start":{"line":83,"column":34},"end":{"line":83,"column":128}},"55":{"start":{"line":84,"column":15},"end":{"line":84,"column":17}},"56":{"start":{"line":85,"column":4},"end":{"line":124,"column":5}},"57":{"start":{"line":86,"column":8},"end":{"line":86,"column":36}},"58":{"start":{"line":87,"column":8},"end":{"line":87,"column":87}},"59":{"start":{"line":87,"column":21},"end":{"line":87,"column":22}},"60":{"start":{"line":87,"column":74},"end":{"line":87,"column":87}},"61":{"start":{"line":88,"column":8},"end":{"line":88,"column":23}},"62":{"start":{"line":89,"column":8},"end":{"line":89,"column":15}},"63":{"start":{"line":91,"column":9},"end":{"line":124,"column":5}},"64":{"start":{"line":92,"column":8},"end":{"line":92,"column":36}},"65":{"start":{"line":93,"column":8},"end":{"line":93,"column":99}},"66":{"start":{"line":93,"column":69},"end":{"line":93,"column":99}},"67":{"start":{"line":94,"column":8},"end":{"line":94,"column":70}},"68":{"start":{"line":96,"column":8},"end":{"line":96,"column":111}},"69":{"start":{"line":96,"column":50},"end":{"line":96,"column":111}},"70":{"start":{"line":97,"column":8},"end":{"line":97,"column":24}},"71":{"start":{"line":98,"column":8},"end":{"line":98,"column":23}},"72":{"start":{"line":99,"column":8},"end":{"line":99,"column":15}},"73":{"start":{"line":101,"column":9},"end":{"line":124,"column":5}},"74":{"start":{"line":102,"column":8},"end":{"line":102,"column":36}},"75":{"start":{"line":103,"column":8},"end":{"line":103,"column":44}},"76":{"start":{"line":104,"column":8},"end":{"line":104,"column":15}},"77":{"start":{"line":106,"column":9},"end":{"line":124,"column":5}},"78":{"start":{"line":107,"column":8},"end":{"line":123,"column":9}},"79":{"start":{"line":108,"column":12},"end":{"line":112,"column":13}},"80":{"start":{"line":109,"column":16},"end":{"line":109,"column":109}},"81":{"start":{"line":110,"column":16},"end":{"line":110,"column":29}},"82":{"start":{"line":111,"column":16},"end":{"line":111,"column":23}},"83":{"start":{"line":113,"column":12},"end":{"line":113,"column":125}},"84":{"start":{"line":113,"column":42},"end":{"line":113,"column":125}},"85":{"start":{"line":114,"column":23},"end":{"line":114,"column":27}},"86":{"start":{"line":115,"column":12},"end":{"line":121,"column":15}},"87":{"start":{"line":116,"column":16},"end":{"line":116,"column":90}},"88":{"start":{"line":116,"column":46},"end":{"line":116,"column":90}},"89":{"start":{"line":117,"column":16},"end":{"line":119,"column":17}},"90":{"start":{"line":118,"column":20},"end":{"line":118,"column":68}},"91":{"start":{"line":120,"column":16},"end":{"line":120,"column":29}},"92":{"start":{"line":122,"column":12},"end":{"line":122,"column":19}},"93":{"start":{"line":125,"column":4},"end":{"line":125,"column":17}},"94":{"start":{"line":128,"column":0},"end":{"line":151,"column":2}},"95":{"start":{"line":129,"column":4},"end":{"line":129,"column":126}},"96":{"start":{"line":129,"column":34},"end":{"line":129,"column":126}},"97":{"start":{"line":130,"column":4},"end":{"line":130,"column":33}},"98":{"start":{"line":132,"column":4},"end":{"line":149,"column":5}},"99":{"start":{"line":133,"column":8},"end":{"line":133,"column":49}},"100":{"start":{"line":134,"column":8},"end":{"line":134,"column":147}},"101":{"start":{"line":134,"column":38},"end":{"line":134,"column":147}},"102":{"start":{"line":135,"column":8},"end":{"line":141,"column":9}},"103":{"start":{"line":136,"column":12},"end":{"line":139,"column":13}},"104":{"start":{"line":137,"column":16},"end":{"line":137,"column":36}},"105":{"start":{"line":138,"column":16},"end":{"line":138,"column":44}},"106":{"start":{"line":140,"column":12},"end":{"line":140,"column":24}},"107":{"start":{"line":142,"column":8},"end":{"line":142,"column":21}},"108":{"start":{"line":144,"column":9},"end":{"line":149,"column":5}},"109":{"start":{"line":145,"column":8},"end":{"line":145,"column":47}},"110":{"start":{"line":146,"column":8},"end":{"line":146,"column":145}},"111":{"start":{"line":146,"column":38},"end":{"line":146,"column":145}},"112":{"start":{"line":147,"column":8},"end":{"line":147,"column":71}},"113":{"start":{"line":147,"column":43},"end":{"line":147,"column":71}},"114":{"start":{"line":148,"column":8},"end":{"line":148,"column":52}},"115":{"start":{"line":150,"column":4},"end":{"line":150,"column":94}},"116":{"start":{"line":153,"column":0},"end":{"line":207,"column":2}},"117":{"start":{"line":154,"column":4},"end":{"line":154,"column":127}},"118":{"start":{"line":154,"column":34},"end":{"line":154,"column":127}},"119":{"start":{"line":155,"column":4},"end":{"line":155,"column":33}},"120":{"start":{"line":157,"column":4},"end":{"line":204,"column":5}},"121":{"start":{"line":158,"column":8},"end":{"line":158,"column":49}},"122":{"start":{"line":159,"column":8},"end":{"line":162,"column":9}},"123":{"start":{"line":160,"column":12},"end":{"line":160,"column":85}},"124":{"start":{"line":161,"column":12},"end":{"line":161,"column":24}},"125":{"start":{"line":164,"column":8},"end":{"line":164,"column":56}},"126":{"start":{"line":165,"column":8},"end":{"line":166,"column":45}},"127":{"start":{"line":165,"column":60},"end":{"line":165,"column":88}},"128":{"start":{"line":166,"column":17},"end":{"line":166,"column":45}},"129":{"start":{"line":167,"column":18},"end":{"line":167,"column":48}},"130":{"start":{"line":168,"column":8},"end":{"line":170,"column":9}},"131":{"start":{"line":169,"column":12},"end":{"line":169,"column":75}},"132":{"start":{"line":172,"column":9},"end":{"line":204,"column":5}},"133":{"start":{"line":173,"column":8},"end":{"line":173,"column":47}},"134":{"start":{"line":174,"column":8},"end":{"line":177,"column":9}},"135":{"start":{"line":175,"column":12},"end":{"line":175,"column":85}},"136":{"start":{"line":176,"column":12},"end":{"line":176,"column":24}},"137":{"start":{"line":178,"column":8},"end":{"line":184,"column":9}},"138":{"start":{"line":179,"column":12},"end":{"line":179,"column":65}},"139":{"start":{"line":180,"column":12},"end":{"line":183,"column":13}},"140":{"start":{"line":181,"column":16},"end":{"line":181,"column":89}},"141":{"start":{"line":182,"column":16},"end":{"line":182,"column":28}},"142":{"start":{"line":186,"column":21},"end":{"line":186,"column":54}},"143":{"start":{"line":187,"column":18},"end":{"line":187,"column":48}},"144":{"start":{"line":188,"column":8},"end":{"line":203,"column":9}},"145":{"start":{"line":189,"column":12},"end":{"line":189,"column":72}},"146":{"start":{"line":190,"column":12},"end":{"line":192,"column":13}},"147":{"start":{"line":191,"column":16},"end":{"line":191,"column":79}},"148":{"start":{"line":195,"column":12},"end":{"line":195,"column":76}},"149":{"start":{"line":195,"column":42},"end":{"line":195,"column":76}},"150":{"start":{"line":196,"column":12},"end":{"line":198,"column":13}},"151":{"start":{"line":197,"column":16},"end":{"line":197,"column":49}},"152":{"start":{"line":199,"column":12},"end":{"line":199,"column":41}},"153":{"start":{"line":200,"column":12},"end":{"line":202,"column":13}},"154":{"start":{"line":201,"column":16},"end":{"line":201,"column":79}},"155":{"start":{"line":206,"column":4},"end":{"line":206,"column":16}},"156":{"start":{"line":209,"column":0},"end":{"line":222,"column":2}},"157":{"start":{"line":210,"column":4},"end":{"line":212,"column":5}},"158":{"start":{"line":211,"column":8},"end":{"line":211,"column":63}},"159":{"start":{"line":211,"column":38},"end":{"line":211,"column":63}},"160":{"start":{"line":213,"column":4},"end":{"line":221,"column":5}},"161":{"start":{"line":214,"column":8},"end":{"line":214,"column":38}},"162":{"start":{"line":215,"column":8},"end":{"line":217,"column":9}},"163":{"start":{"line":216,"column":12},"end":{"line":216,"column":75}},"164":{"start":{"line":216,"column":45},"end":{"line":216,"column":75}},"165":{"start":{"line":219,"column":9},"end":{"line":221,"column":5}},"166":{"start":{"line":220,"column":8},"end":{"line":220,"column":18}},"167":{"start":{"line":224,"column":0},"end":{"line":302,"column":2}},"168":{"start":{"line":225,"column":19},"end":{"line":225,"column":34}},"169":{"start":{"line":227,"column":17},"end":{"line":227,"column":19}},"170":{"start":{"line":228,"column":22},"end":{"line":228,"column":26}},"171":{"start":{"line":229,"column":25},"end":{"line":229,"column":27}},"172":{"start":{"line":230,"column":4},"end":{"line":296,"column":5}},"173":{"start":{"line":230,"column":15},"end":{"line":230,"column":16}},"174":{"start":{"line":231,"column":8},"end":{"line":231,"column":64}},"175":{"start":{"line":231,"column":55},"end":{"line":231,"column":64}},"176":{"start":{"line":232,"column":8},"end":{"line":232,"column":25}},"177":{"start":{"line":234,"column":25},"end":{"line":234,"column":67}},"178":{"start":{"line":236,"column":8},"end":{"line":295,"column":9}},"179":{"start":{"line":237,"column":12},"end":{"line":237,"column":53}},"180":{"start":{"line":238,"column":12},"end":{"line":272,"column":13}},"181":{"start":{"line":239,"column":16},"end":{"line":239,"column":57}},"182":{"start":{"line":242,"column":16},"end":{"line":248,"column":17}},"183":{"start":{"line":243,"column":20},"end":{"line":243,"column":60}},"184":{"start":{"line":244,"column":20},"end":{"line":244,"column":67}},"185":{"start":{"line":246,"column":20},"end":{"line":246,"column":39}},"186":{"start":{"line":247,"column":20},"end":{"line":247,"column":40}},"187":{"start":{"line":249,"column":16},"end":{"line":270,"column":17}},"188":{"start":{"line":250,"column":20},"end":{"line":250,"column":104}},"189":{"start":{"line":253,"column":32},"end":{"line":253,"column":61}},"190":{"start":{"line":254,"column":20},"end":{"line":269,"column":21}},"191":{"start":{"line":255,"column":24},"end":{"line":263,"column":25}},"192":{"start":{"line":256,"column":28},"end":{"line":256,"column":118}},"193":{"start":{"line":257,"column":28},"end":{"line":257,"column":139}},"194":{"start":{"line":260,"column":28},"end":{"line":260,"column":128}},"195":{"start":{"line":261,"column":28},"end":{"line":261,"column":47}},"196":{"start":{"line":262,"column":28},"end":{"line":262,"column":37}},"197":{"start":{"line":266,"column":24},"end":{"line":266,"column":124}},"198":{"start":{"line":267,"column":24},"end":{"line":267,"column":43}},"199":{"start":{"line":268,"column":24},"end":{"line":268,"column":33}},"200":{"start":{"line":271,"column":16},"end":{"line":271,"column":49}},"201":{"start":{"line":274,"column":12},"end":{"line":276,"column":13}},"202":{"start":{"line":275,"column":16},"end":{"line":275,"column":99}},"203":{"start":{"line":278,"column":12},"end":{"line":283,"column":13}},"204":{"start":{"line":279,"column":16},"end":{"line":279,"column":54}},"205":{"start":{"line":282,"column":16},"end":{"line":282,"column":54}},"206":{"start":{"line":284,"column":12},"end":{"line":294,"column":14}},"207":{"start":{"line":284,"column":23},"end":{"line":284,"column":24}},"208":{"start":{"line":285,"column":28},"end":{"line":285,"column":52}},"209":{"start":{"line":286,"column":16},"end":{"line":292,"column":17}},"210":{"start":{"line":287,"column":20},"end":{"line":287,"column":32}},"211":{"start":{"line":290,"column":20},"end":{"line":291,"column":58}},"212":{"start":{"line":290,"column":52},"end":{"line":290,"column":82}},"213":{"start":{"line":291,"column":27},"end":{"line":291,"column":58}},"214":{"start":{"line":293,"column":16},"end":{"line":293,"column":57}},"215":{"start":{"line":297,"column":4},"end":{"line":300,"column":5}},"216":{"start":{"line":298,"column":8},"end":{"line":298,"column":48}},"217":{"start":{"line":299,"column":8},"end":{"line":299,"column":55}},"218":{"start":{"line":301,"column":4},"end":{"line":301,"column":18}},"219":{"start":{"line":304,"column":0},"end":{"line":389,"column":2}},"220":{"start":{"line":305,"column":4},"end":{"line":380,"column":5}},"221":{"start":{"line":306,"column":8},"end":{"line":306,"column":61}},"222":{"start":{"line":307,"column":8},"end":{"line":363,"column":9}},"223":{"start":{"line":309,"column":16},"end":{"line":309,"column":36}},"224":{"start":{"line":310,"column":16},"end":{"line":310,"column":50}},"225":{"start":{"line":311,"column":16},"end":{"line":311,"column":22}},"226":{"start":{"line":313,"column":16},"end":{"line":313,"column":36}},"227":{"start":{"line":314,"column":16},"end":{"line":314,"column":51}},"228":{"start":{"line":315,"column":16},"end":{"line":315,"column":22}},"229":{"start":{"line":317,"column":16},"end":{"line":317,"column":36}},"230":{"start":{"line":318,"column":16},"end":{"line":318,"column":51}},"231":{"start":{"line":319,"column":16},"end":{"line":319,"column":22}},"232":{"start":{"line":321,"column":16},"end":{"line":321,"column":36}},"233":{"start":{"line":322,"column":16},"end":{"line":322,"column":51}},"234":{"start":{"line":323,"column":16},"end":{"line":323,"column":22}},"235":{"start":{"line":325,"column":16},"end":{"line":325,"column":36}},"236":{"start":{"line":326,"column":16},"end":{"line":326,"column":51}},"237":{"start":{"line":327,"column":16},"end":{"line":327,"column":22}},"238":{"start":{"line":329,"column":16},"end":{"line":329,"column":36}},"239":{"start":{"line":330,"column":16},"end":{"line":330,"column":52}},"240":{"start":{"line":331,"column":16},"end":{"line":331,"column":22}},"241":{"start":{"line":333,"column":16},"end":{"line":333,"column":36}},"242":{"start":{"line":334,"column":16},"end":{"line":334,"column":50}},"243":{"start":{"line":335,"column":16},"end":{"line":335,"column":22}},"244":{"start":{"line":337,"column":16},"end":{"line":337,"column":36}},"245":{"start":{"line":338,"column":16},"end":{"line":338,"column":50}},"246":{"start":{"line":339,"column":16},"end":{"line":339,"column":22}},"247":{"start":{"line":341,"column":16},"end":{"line":341,"column":36}},"248":{"start":{"line":342,"column":16},"end":{"line":342,"column":51}},"249":{"start":{"line":343,"column":16},"end":{"line":343,"column":22}},"250":{"start":{"line":345,"column":16},"end":{"line":345,"column":63}},"251":{"start":{"line":345,"column":43},"end":{"line":345,"column":63}},"252":{"start":{"line":346,"column":16},"end":{"line":346,"column":51}},"253":{"start":{"line":347,"column":16},"end":{"line":347,"column":22}},"254":{"start":{"line":349,"column":16},"end":{"line":349,"column":36}},"255":{"start":{"line":350,"column":16},"end":{"line":350,"column":51}},"256":{"start":{"line":351,"column":16},"end":{"line":351,"column":22}},"257":{"start":{"line":353,"column":16},"end":{"line":353,"column":36}},"258":{"start":{"line":354,"column":16},"end":{"line":354,"column":51}},"259":{"start":{"line":355,"column":16},"end":{"line":355,"column":22}},"260":{"start":{"line":357,"column":16},"end":{"line":357,"column":36}},"261":{"start":{"line":358,"column":16},"end":{"line":358,"column":52}},"262":{"start":{"line":359,"column":16},"end":{"line":359,"column":22}},"263":{"start":{"line":361,"column":16},"end":{"line":361,"column":36}},"264":{"start":{"line":362,"column":16},"end":{"line":362,"column":71}},"265":{"start":{"line":365,"column":8},"end":{"line":379,"column":9}},"266":{"start":{"line":366,"column":12},"end":{"line":372,"column":13}},"267":{"start":{"line":367,"column":16},"end":{"line":367,"column":36}},"268":{"start":{"line":370,"column":16},"end":{"line":370,"column":180}},"269":{"start":{"line":371,"column":16},"end":{"line":371,"column":23}},"270":{"start":{"line":373,"column":12},"end":{"line":373,"column":55}},"271":{"start":{"line":374,"column":12},"end":{"line":374,"column":61}},"272":{"start":{"line":375,"column":12},"end":{"line":375,"column":199}},"273":{"start":{"line":375,"column":43},"end":{"line":375,"column":199}},"274":{"start":{"line":378,"column":12},"end":{"line":378,"column":61}},"275":{"start":{"line":381,"column":4},"end":{"line":384,"column":5}},"276":{"start":{"line":382,"column":8},"end":{"line":382,"column":146}},"277":{"start":{"line":382,"column":38},"end":{"line":382,"column":146}},"278":{"start":{"line":383,"column":8},"end":{"line":383,"column":61}},"279":{"start":{"line":385,"column":4},"end":{"line":388,"column":5}},"280":{"start":{"line":386,"column":8},"end":{"line":386,"column":186}},"281":{"start":{"line":386,"column":38},"end":{"line":386,"column":186}},"282":{"start":{"line":387,"column":8},"end":{"line":387,"column":89}},"283":{"start":{"line":391,"column":0},"end":{"line":417,"column":2}},"284":{"start":{"line":392,"column":14},"end":{"line":392,"column":36}},"285":{"start":{"line":393,"column":4},"end":{"line":393,"column":15}},"286":{"start":{"line":395,"column":4},"end":{"line":412,"column":5}},"287":{"start":{"line":396,"column":20},"end":{"line":396,"column":29}},"288":{"start":{"line":397,"column":20},"end":{"line":397,"column":26}},"289":{"start":{"line":398,"column":20},"end":{"line":398,"column":29}},"290":{"start":{"line":399,"column":20},"end":{"line":399,"column":26}},"291":{"start":{"line":400,"column":20},"end":{"line":400,"column":29}},"292":{"start":{"line":401,"column":20},"end":{"line":401,"column":26}},"293":{"start":{"line":402,"column":20},"end":{"line":402,"column":29}},"294":{"start":{"line":403,"column":20},"end":{"line":403,"column":26}},"295":{"start":{"line":404,"column":20},"end":{"line":404,"column":29}},"296":{"start":{"line":405,"column":20},"end":{"line":405,"column":26}},"297":{"start":{"line":406,"column":20},"end":{"line":406,"column":29}},"298":{"start":{"line":407,"column":20},"end":{"line":407,"column":26}},"299":{"start":{"line":408,"column":20},"end":{"line":408,"column":29}},"300":{"start":{"line":409,"column":20},"end":{"line":409,"column":26}},"301":{"start":{"line":410,"column":17},"end":{"line":410,"column":107}},"302":{"start":{"line":411,"column":17},"end":{"line":411,"column":27}},"303":{"start":{"line":414,"column":4},"end":{"line":414,"column":15}},"304":{"start":{"line":415,"column":4},"end":{"line":415,"column":18}},"305":{"start":{"line":416,"column":4},"end":{"line":416,"column":15}},"306":{"start":{"line":420,"column":0},"end":{"line":420,"column":28}}},"fnMap":{"0":{"name":"D0Protocol","decl":{"start":{"line":21,"column":9},"end":{"line":21,"column":19}},"loc":{"start":{"line":21,"column":44},"end":{"line":40,"column":1}},"line":21},"1":{"name":"setTransportResetCallback","decl":{"start":{"line":42,"column":58},"end":{"line":42,"column":83}},"loc":{"start":{"line":42,"column":94},"end":{"line":44,"column":1}},"line":42},"2":{"name":"initState","decl":{"start":{"line":46,"column":42},"end":{"line":46,"column":51}},"loc":{"start":{"line":46,"column":54},"end":{"line":53,"column":1}},"line":46},"3":{"name":"checkMessageAFterBufferOverrun","decl":{"start":{"line":55,"column":63},"end":{"line":55,"column":93}},"loc":{"start":{"line":55,"column":96},"end":{"line":57,"column":1}},"line":55},"4":{"name":"isProcessComplete","decl":{"start":{"line":59,"column":50},"end":{"line":59,"column":67}},"loc":{"start":{"line":59,"column":70},"end":{"line":62,"column":1}},"line":59},"5":{"name":"anotherQueryAvailable","decl":{"start":{"line":64,"column":54},"end":{"line":64,"column":75}},"loc":{"start":{"line":64,"column":78},"end":{"line":67,"column":1}},"line":64},"6":{"name":"messagesToSend","decl":{"start":{"line":69,"column":47},"end":{"line":69,"column":61}},"loc":{"start":{"line":69,"column":64},"end":{"line":80,"column":1}},"line":69},"7":{"name":"getNextMessage","decl":{"start":{"line":82,"column":47},"end":{"line":82,"column":61}},"loc":{"start":{"line":82,"column":81},"end":{"line":126,"column":1}},"line":82},"8":{"name":"(anonymous_8)","decl":{"start":{"line":115,"column":68},"end":{"line":115,"column":69}},"loc":{"start":{"line":115,"column":85},"end":{"line":121,"column":13}},"line":115},"9":{"name":"checkMessage","decl":{"start":{"line":128,"column":45},"end":{"line":128,"column":57}},"loc":{"start":{"line":128,"column":67},"end":{"line":151,"column":1}},"line":128},"10":{"name":"handleMessage","decl":{"start":{"line":153,"column":46},"end":{"line":153,"column":59}},"loc":{"start":{"line":153,"column":69},"end":{"line":207,"column":1}},"line":153},"11":{"name":"callUserCallback","decl":{"start":{"line":209,"column":49},"end":{"line":209,"column":65}},"loc":{"start":{"line":209,"column":77},"end":{"line":222,"column":1}},"line":209},"12":{"name":"prepareResult","decl":{"start":{"line":224,"column":46},"end":{"line":224,"column":59}},"loc":{"start":{"line":224,"column":66},"end":{"line":302,"column":1}},"line":224},"13":{"name":"handleSignOnResponseMessage","decl":{"start":{"line":304,"column":60},"end":{"line":304,"column":87}},"loc":{"start":{"line":304,"column":100},"end":{"line":389,"column":1}},"line":304},"14":{"name":"generateAckMessage","decl":{"start":{"line":391,"column":51},"end":{"line":391,"column":69}},"loc":{"start":{"line":391,"column":72},"end":{"line":417,"column":1}},"line":391}},"branchMap":{"0":{"loc":{"start":{"line":34,"column":4},"end":{"line":34,"column":94}},"type":"if","locations":[{"start":{"line":34,"column":4},"end":{"line":34,"column":94}},{"start":{"line":34,"column":4},"end":{"line":34,"column":94}}],"line":34},"1":{"loc":{"start":{"line":35,"column":4},"end":{"line":35,"column":90}},"type":"if","locations":[{"start":{"line":35,"column":4},"end":{"line":35,"column":90}},{"start":{"line":35,"column":4},"end":{"line":35,"column":90}}],"line":35},"2":{"loc":{"start":{"line":36,"column":4},"end":{"line":36,"column":89}},"type":"if","locations":[{"start":{"line":36,"column":4},"end":{"line":36,"column":89}},{"start":{"line":36,"column":4},"end":{"line":36,"column":89}}],"line":36},"3":{"loc":{"start":{"line":60,"column":4},"end":{"line":60,"column":168}},"type":"if","locations":[{"start":{"line":60,"column":4},"end":{"line":60,"column":168}},{"start":{"line":60,"column":4},"end":{"line":60,"column":168}}],"line":60},"4":{"loc":{"start":{"line":65,"column":4},"end":{"line":65,"column":157}},"type":"if","locations":[{"start":{"line":65,"column":4},"end":{"line":65,"column":157}},{"start":{"line":65,"column":4},"end":{"line":65,"column":157}}],"line":65},"5":{"loc":{"start":{"line":70,"column":4},"end":{"line":70,"column":48}},"type":"if","locations":[{"start":{"line":70,"column":4},"end":{"line":70,"column":48}},{"start":{"line":70,"column":4},"end":{"line":70,"column":48}}],"line":70},"6":{"loc":{"start":{"line":71,"column":4},"end":{"line":71,"column":48}},"type":"if","locations":[{"start":{"line":71,"column":4},"end":{"line":71,"column":48}},{"start":{"line":71,"column":4},"end":{"line":71,"column":48}}],"line":71},"7":{"loc":{"start":{"line":72,"column":4},"end":{"line":75,"column":5}},"type":"if","locations":[{"start":{"line":72,"column":4},"end":{"line":75,"column":5}},{"start":{"line":72,"column":4},"end":{"line":75,"column":5}}],"line":72},"8":{"loc":{"start":{"line":73,"column":8},"end":{"line":74,"column":26}},"type":"if","locations":[{"start":{"line":73,"column":8},"end":{"line":74,"column":26}},{"start":{"line":73,"column":8},"end":{"line":74,"column":26}}],"line":73},"9":{"loc":{"start":{"line":73,"column":12},"end":{"line":73,"column":58}},"type":"binary-expr","locations":[{"start":{"line":73,"column":12},"end":{"line":73,"column":33}},{"start":{"line":73,"column":37},"end":{"line":73,"column":58}}],"line":73},"10":{"loc":{"start":{"line":76,"column":4},"end":{"line":78,"column":5}},"type":"if","locations":[{"start":{"line":76,"column":4},"end":{"line":78,"column":5}},{"start":{"line":76,"column":4},"end":{"line":78,"column":5}}],"line":76},"11":{"loc":{"start":{"line":77,"column":8},"end":{"line":77,"column":79}},"type":"if","locations":[{"start":{"line":77,"column":8},"end":{"line":77,"column":79}},{"start":{"line":77,"column":8},"end":{"line":77,"column":79}}],"line":77},"12":{"loc":{"start":{"line":83,"column":4},"end":{"line":83,"column":128}},"type":"if","locations":[{"start":{"line":83,"column":4},"end":{"line":83,"column":128}},{"start":{"line":83,"column":4},"end":{"line":83,"column":128}}],"line":83},"13":{"loc":{"start":{"line":85,"column":4},"end":{"line":124,"column":5}},"type":"if","locations":[{"start":{"line":85,"column":4},"end":{"line":124,"column":5}},{"start":{"line":85,"column":4},"end":{"line":124,"column":5}}],"line":85},"14":{"loc":{"start":{"line":91,"column":9},"end":{"line":124,"column":5}},"type":"if","locations":[{"start":{"line":91,"column":9},"end":{"line":124,"column":5}},{"start":{"line":91,"column":9},"end":{"line":124,"column":5}}],"line":91},"15":{"loc":{"start":{"line":93,"column":8},"end":{"line":93,"column":99}},"type":"if","locations":[{"start":{"line":93,"column":8},"end":{"line":93,"column":99}},{"start":{"line":93,"column":8},"end":{"line":93,"column":99}}],"line":93},"16":{"loc":{"start":{"line":96,"column":8},"end":{"line":96,"column":111}},"type":"if","locations":[{"start":{"line":96,"column":8},"end":{"line":96,"column":111}},{"start":{"line":96,"column":8},"end":{"line":96,"column":111}}],"line":96},"17":{"loc":{"start":{"line":101,"column":9},"end":{"line":124,"column":5}},"type":"if","locations":[{"start":{"line":101,"column":9},"end":{"line":124,"column":5}},{"start":{"line":101,"column":9},"end":{"line":124,"column":5}}],"line":101},"18":{"loc":{"start":{"line":106,"column":9},"end":{"line":124,"column":5}},"type":"if","locations":[{"start":{"line":106,"column":9},"end":{"line":124,"column":5}},{"start":{"line":106,"column":9},"end":{"line":124,"column":5}}],"line":106},"19":{"loc":{"start":{"line":107,"column":8},"end":{"line":123,"column":9}},"type":"if","locations":[{"start":{"line":107,"column":8},"end":{"line":123,"column":9}},{"start":{"line":107,"column":8},"end":{"line":123,"column":9}}],"line":107},"20":{"loc":{"start":{"line":107,"column":12},"end":{"line":107,"column":93}},"type":"binary-expr","locations":[{"start":{"line":107,"column":12},"end":{"line":107,"column":33}},{"start":{"line":107,"column":37},"end":{"line":107,"column":93}}],"line":107},"21":{"loc":{"start":{"line":108,"column":12},"end":{"line":112,"column":13}},"type":"if","locations":[{"start":{"line":108,"column":12},"end":{"line":112,"column":13}},{"start":{"line":108,"column":12},"end":{"line":112,"column":13}}],"line":108},"22":{"loc":{"start":{"line":108,"column":16},"end":{"line":108,"column":64}},"type":"binary-expr","locations":[{"start":{"line":108,"column":16},"end":{"line":108,"column":24}},{"start":{"line":108,"column":28},"end":{"line":108,"column":64}}],"line":108},"23":{"loc":{"start":{"line":113,"column":12},"end":{"line":113,"column":125}},"type":"if","locations":[{"start":{"line":113,"column":12},"end":{"line":113,"column":125}},{"start":{"line":113,"column":12},"end":{"line":113,"column":125}}],"line":113},"24":{"loc":{"start":{"line":116,"column":16},"end":{"line":116,"column":90}},"type":"if","locations":[{"start":{"line":116,"column":16},"end":{"line":116,"column":90}},{"start":{"line":116,"column":16},"end":{"line":116,"column":90}}],"line":116},"25":{"loc":{"start":{"line":117,"column":16},"end":{"line":119,"column":17}},"type":"if","locations":[{"start":{"line":117,"column":16},"end":{"line":119,"column":17}},{"start":{"line":117,"column":16},"end":{"line":119,"column":17}}],"line":117},"26":{"loc":{"start":{"line":129,"column":4},"end":{"line":129,"column":126}},"type":"if","locations":[{"start":{"line":129,"column":4},"end":{"line":129,"column":126}},{"start":{"line":129,"column":4},"end":{"line":129,"column":126}}],"line":129},"27":{"loc":{"start":{"line":132,"column":4},"end":{"line":149,"column":5}},"type":"if","locations":[{"start":{"line":132,"column":4},"end":{"line":149,"column":5}},{"start":{"line":132,"column":4},"end":{"line":149,"column":5}}],"line":132},"28":{"loc":{"start":{"line":132,"column":8},"end":{"line":132,"column":70}},"type":"binary-expr","locations":[{"start":{"line":132,"column":8},"end":{"line":132,"column":37}},{"start":{"line":132,"column":41},"end":{"line":132,"column":70}}],"line":132},"29":{"loc":{"start":{"line":134,"column":8},"end":{"line":134,"column":147}},"type":"if","locations":[{"start":{"line":134,"column":8},"end":{"line":134,"column":147}},{"start":{"line":134,"column":8},"end":{"line":134,"column":147}}],"line":134},"30":{"loc":{"start":{"line":135,"column":8},"end":{"line":141,"column":9}},"type":"if","locations":[{"start":{"line":135,"column":8},"end":{"line":141,"column":9}},{"start":{"line":135,"column":8},"end":{"line":141,"column":9}}],"line":135},"31":{"loc":{"start":{"line":135,"column":12},"end":{"line":135,"column":46}},"type":"binary-expr","locations":[{"start":{"line":135,"column":12},"end":{"line":135,"column":22}},{"start":{"line":135,"column":26},"end":{"line":135,"column":46}}],"line":135},"32":{"loc":{"start":{"line":136,"column":12},"end":{"line":139,"column":13}},"type":"if","locations":[{"start":{"line":136,"column":12},"end":{"line":139,"column":13}},{"start":{"line":136,"column":12},"end":{"line":139,"column":13}}],"line":136},"33":{"loc":{"start":{"line":144,"column":9},"end":{"line":149,"column":5}},"type":"if","locations":[{"start":{"line":144,"column":9},"end":{"line":149,"column":5}},{"start":{"line":144,"column":9},"end":{"line":149,"column":5}}],"line":144},"34":{"loc":{"start":{"line":146,"column":8},"end":{"line":146,"column":145}},"type":"if","locations":[{"start":{"line":146,"column":8},"end":{"line":146,"column":145}},{"start":{"line":146,"column":8},"end":{"line":146,"column":145}}],"line":146},"35":{"loc":{"start":{"line":147,"column":8},"end":{"line":147,"column":71}},"type":"if","locations":[{"start":{"line":147,"column":8},"end":{"line":147,"column":71}},{"start":{"line":147,"column":8},"end":{"line":147,"column":71}}],"line":147},"36":{"loc":{"start":{"line":148,"column":16},"end":{"line":148,"column":50}},"type":"binary-expr","locations":[{"start":{"line":148,"column":16},"end":{"line":148,"column":26}},{"start":{"line":148,"column":30},"end":{"line":148,"column":50}}],"line":148},"37":{"loc":{"start":{"line":154,"column":4},"end":{"line":154,"column":127}},"type":"if","locations":[{"start":{"line":154,"column":4},"end":{"line":154,"column":127}},{"start":{"line":154,"column":4},"end":{"line":154,"column":127}}],"line":154},"38":{"loc":{"start":{"line":157,"column":4},"end":{"line":204,"column":5}},"type":"if","locations":[{"start":{"line":157,"column":4},"end":{"line":204,"column":5}},{"start":{"line":157,"column":4},"end":{"line":204,"column":5}}],"line":157},"39":{"loc":{"start":{"line":159,"column":8},"end":{"line":162,"column":9}},"type":"if","locations":[{"start":{"line":159,"column":8},"end":{"line":162,"column":9}},{"start":{"line":159,"column":8},"end":{"line":162,"column":9}}],"line":159},"40":{"loc":{"start":{"line":159,"column":12},"end":{"line":159,"column":41}},"type":"binary-expr","locations":[{"start":{"line":159,"column":12},"end":{"line":159,"column":23}},{"start":{"line":159,"column":27},"end":{"line":159,"column":41}}],"line":159},"41":{"loc":{"start":{"line":165,"column":8},"end":{"line":166,"column":45}},"type":"if","locations":[{"start":{"line":165,"column":8},"end":{"line":166,"column":45}},{"start":{"line":165,"column":8},"end":{"line":166,"column":45}}],"line":165},"42":{"loc":{"start":{"line":165,"column":12},"end":{"line":165,"column":58}},"type":"binary-expr","locations":[{"start":{"line":165,"column":12},"end":{"line":165,"column":33}},{"start":{"line":165,"column":37},"end":{"line":165,"column":58}}],"line":165},"43":{"loc":{"start":{"line":168,"column":8},"end":{"line":170,"column":9}},"type":"if","locations":[{"start":{"line":168,"column":8},"end":{"line":170,"column":9}},{"start":{"line":168,"column":8},"end":{"line":170,"column":9}}],"line":168},"44":{"loc":{"start":{"line":172,"column":9},"end":{"line":204,"column":5}},"type":"if","locations":[{"start":{"line":172,"column":9},"end":{"line":204,"column":5}},{"start":{"line":172,"column":9},"end":{"line":204,"column":5}}],"line":172},"45":{"loc":{"start":{"line":174,"column":8},"end":{"line":177,"column":9}},"type":"if","locations":[{"start":{"line":174,"column":8},"end":{"line":177,"column":9}},{"start":{"line":174,"column":8},"end":{"line":177,"column":9}}],"line":174},"46":{"loc":{"start":{"line":174,"column":12},"end":{"line":174,"column":41}},"type":"binary-expr","locations":[{"start":{"line":174,"column":12},"end":{"line":174,"column":23}},{"start":{"line":174,"column":27},"end":{"line":174,"column":41}}],"line":174},"47":{"loc":{"start":{"line":178,"column":8},"end":{"line":184,"column":9}},"type":"if","locations":[{"start":{"line":178,"column":8},"end":{"line":184,"column":9}},{"start":{"line":178,"column":8},"end":{"line":184,"column":9}}],"line":178},"48":{"loc":{"start":{"line":180,"column":12},"end":{"line":183,"column":13}},"type":"if","locations":[{"start":{"line":180,"column":12},"end":{"line":183,"column":13}},{"start":{"line":180,"column":12},"end":{"line":183,"column":13}}],"line":180},"49":{"loc":{"start":{"line":180,"column":16},"end":{"line":180,"column":45}},"type":"binary-expr","locations":[{"start":{"line":180,"column":16},"end":{"line":180,"column":27}},{"start":{"line":180,"column":31},"end":{"line":180,"column":45}}],"line":180},"50":{"loc":{"start":{"line":188,"column":8},"end":{"line":203,"column":9}},"type":"if","locations":[{"start":{"line":188,"column":8},"end":{"line":203,"column":9}},{"start":{"line":188,"column":8},"end":{"line":203,"column":9}}],"line":188},"51":{"loc":{"start":{"line":190,"column":12},"end":{"line":192,"column":13}},"type":"if","locations":[{"start":{"line":190,"column":12},"end":{"line":192,"column":13}},{"start":{"line":190,"column":12},"end":{"line":192,"column":13}}],"line":190},"52":{"loc":{"start":{"line":195,"column":12},"end":{"line":195,"column":76}},"type":"if","locations":[{"start":{"line":195,"column":12},"end":{"line":195,"column":76}},{"start":{"line":195,"column":12},"end":{"line":195,"column":76}}],"line":195},"53":{"loc":{"start":{"line":196,"column":12},"end":{"line":198,"column":13}},"type":"if","locations":[{"start":{"line":196,"column":12},"end":{"line":198,"column":13}},{"start":{"line":196,"column":12},"end":{"line":198,"column":13}}],"line":196},"54":{"loc":{"start":{"line":200,"column":12},"end":{"line":202,"column":13}},"type":"if","locations":[{"start":{"line":200,"column":12},"end":{"line":202,"column":13}},{"start":{"line":200,"column":12},"end":{"line":202,"column":13}}],"line":200},"55":{"loc":{"start":{"line":210,"column":4},"end":{"line":212,"column":5}},"type":"if","locations":[{"start":{"line":210,"column":4},"end":{"line":212,"column":5}},{"start":{"line":210,"column":4},"end":{"line":212,"column":5}}],"line":210},"56":{"loc":{"start":{"line":211,"column":8},"end":{"line":211,"column":63}},"type":"if","locations":[{"start":{"line":211,"column":8},"end":{"line":211,"column":63}},{"start":{"line":211,"column":8},"end":{"line":211,"column":63}}],"line":211},"57":{"loc":{"start":{"line":213,"column":4},"end":{"line":221,"column":5}},"type":"if","locations":[{"start":{"line":213,"column":4},"end":{"line":221,"column":5}},{"start":{"line":213,"column":4},"end":{"line":221,"column":5}}],"line":213},"58":{"loc":{"start":{"line":215,"column":8},"end":{"line":217,"column":9}},"type":"if","locations":[{"start":{"line":215,"column":8},"end":{"line":217,"column":9}},{"start":{"line":215,"column":8},"end":{"line":217,"column":9}}],"line":215},"59":{"loc":{"start":{"line":216,"column":12},"end":{"line":216,"column":75}},"type":"if","locations":[{"start":{"line":216,"column":12},"end":{"line":216,"column":75}},{"start":{"line":216,"column":12},"end":{"line":216,"column":75}}],"line":216},"60":{"loc":{"start":{"line":219,"column":9},"end":{"line":221,"column":5}},"type":"if","locations":[{"start":{"line":219,"column":9},"end":{"line":221,"column":5}},{"start":{"line":219,"column":9},"end":{"line":221,"column":5}}],"line":219},"61":{"loc":{"start":{"line":231,"column":8},"end":{"line":231,"column":64}},"type":"if","locations":[{"start":{"line":231,"column":8},"end":{"line":231,"column":64}},{"start":{"line":231,"column":8},"end":{"line":231,"column":64}}],"line":231},"62":{"loc":{"start":{"line":231,"column":12},"end":{"line":231,"column":53}},"type":"binary-expr","locations":[{"start":{"line":231,"column":12},"end":{"line":231,"column":31}},{"start":{"line":231,"column":35},"end":{"line":231,"column":53}}],"line":231},"63":{"loc":{"start":{"line":236,"column":8},"end":{"line":295,"column":9}},"type":"if","locations":[{"start":{"line":236,"column":8},"end":{"line":295,"column":9}},{"start":{"line":236,"column":8},"end":{"line":295,"column":9}}],"line":236},"64":{"loc":{"start":{"line":238,"column":12},"end":{"line":272,"column":13}},"type":"if","locations":[{"start":{"line":238,"column":12},"end":{"line":272,"column":13}},{"start":{"line":238,"column":12},"end":{"line":272,"column":13}}],"line":238},"65":{"loc":{"start":{"line":238,"column":16},"end":{"line":238,"column":53}},"type":"binary-expr","locations":[{"start":{"line":238,"column":16},"end":{"line":238,"column":27}},{"start":{"line":238,"column":31},"end":{"line":238,"column":53}}],"line":238},"66":{"loc":{"start":{"line":242,"column":16},"end":{"line":248,"column":17}},"type":"if","locations":[{"start":{"line":242,"column":16},"end":{"line":248,"column":17}},{"start":{"line":242,"column":16},"end":{"line":248,"column":17}}],"line":242},"67":{"loc":{"start":{"line":254,"column":20},"end":{"line":269,"column":21}},"type":"if","locations":[{"start":{"line":254,"column":20},"end":{"line":269,"column":21}},{"start":{"line":254,"column":20},"end":{"line":269,"column":21}}],"line":254},"68":{"loc":{"start":{"line":274,"column":12},"end":{"line":276,"column":13}},"type":"if","locations":[{"start":{"line":274,"column":12},"end":{"line":276,"column":13}},{"start":{"line":274,"column":12},"end":{"line":276,"column":13}}],"line":274},"69":{"loc":{"start":{"line":278,"column":12},"end":{"line":283,"column":13}},"type":"if","locations":[{"start":{"line":278,"column":12},"end":{"line":283,"column":13}},{"start":{"line":278,"column":12},"end":{"line":283,"column":13}}],"line":278},"70":{"loc":{"start":{"line":286,"column":16},"end":{"line":292,"column":17}},"type":"if","locations":[{"start":{"line":286,"column":16},"end":{"line":292,"column":17}},{"start":{"line":286,"column":16},"end":{"line":292,"column":17}}],"line":286},"71":{"loc":{"start":{"line":290,"column":20},"end":{"line":291,"column":58}},"type":"if","locations":[{"start":{"line":290,"column":20},"end":{"line":291,"column":58}},{"start":{"line":290,"column":20},"end":{"line":291,"column":58}}],"line":290},"72":{"loc":{"start":{"line":297,"column":4},"end":{"line":300,"column":5}},"type":"if","locations":[{"start":{"line":297,"column":4},"end":{"line":300,"column":5}},{"start":{"line":297,"column":4},"end":{"line":300,"column":5}}],"line":297},"73":{"loc":{"start":{"line":305,"column":4},"end":{"line":380,"column":5}},"type":"if","locations":[{"start":{"line":305,"column":4},"end":{"line":380,"column":5}},{"start":{"line":305,"column":4},"end":{"line":380,"column":5}}],"line":305},"74":{"loc":{"start":{"line":307,"column":8},"end":{"line":363,"column":9}},"type":"switch","locations":[{"start":{"line":308,"column":12},"end":{"line":311,"column":22}},{"start":{"line":312,"column":12},"end":{"line":315,"column":22}},{"start":{"line":316,"column":12},"end":{"line":319,"column":22}},{"start":{"line":320,"column":12},"end":{"line":323,"column":22}},{"start":{"line":324,"column":12},"end":{"line":327,"column":22}},{"start":{"line":328,"column":12},"end":{"line":331,"column":22}},{"start":{"line":332,"column":12},"end":{"line":335,"column":22}},{"start":{"line":336,"column":12},"end":{"line":339,"column":22}},{"start":{"line":340,"column":12},"end":{"line":343,"column":22}},{"start":{"line":344,"column":12},"end":{"line":347,"column":22}},{"start":{"line":348,"column":12},"end":{"line":351,"column":22}},{"start":{"line":352,"column":12},"end":{"line":355,"column":22}},{"start":{"line":356,"column":12},"end":{"line":359,"column":22}},{"start":{"line":360,"column":12},"end":{"line":362,"column":71}}],"line":307},"75":{"loc":{"start":{"line":345,"column":16},"end":{"line":345,"column":63}},"type":"if","locations":[{"start":{"line":345,"column":16},"end":{"line":345,"column":63}},{"start":{"line":345,"column":16},"end":{"line":345,"column":63}}],"line":345},"76":{"loc":{"start":{"line":365,"column":8},"end":{"line":379,"column":9}},"type":"if","locations":[{"start":{"line":365,"column":8},"end":{"line":379,"column":9}},{"start":{"line":365,"column":8},"end":{"line":379,"column":9}}],"line":365},"77":{"loc":{"start":{"line":366,"column":12},"end":{"line":372,"column":13}},"type":"if","locations":[{"start":{"line":366,"column":12},"end":{"line":372,"column":13}},{"start":{"line":366,"column":12},"end":{"line":372,"column":13}}],"line":366},"78":{"loc":{"start":{"line":375,"column":12},"end":{"line":375,"column":199}},"type":"if","locations":[{"start":{"line":375,"column":12},"end":{"line":375,"column":199}},{"start":{"line":375,"column":12},"end":{"line":375,"column":199}}],"line":375},"79":{"loc":{"start":{"line":381,"column":4},"end":{"line":384,"column":5}},"type":"if","locations":[{"start":{"line":381,"column":4},"end":{"line":384,"column":5}},{"start":{"line":381,"column":4},"end":{"line":384,"column":5}}],"line":381},"80":{"loc":{"start":{"line":382,"column":8},"end":{"line":382,"column":146}},"type":"if","locations":[{"start":{"line":382,"column":8},"end":{"line":382,"column":146}},{"start":{"line":382,"column":8},"end":{"line":382,"column":146}}],"line":382},"81":{"loc":{"start":{"line":385,"column":4},"end":{"line":388,"column":5}},"type":"if","locations":[{"start":{"line":385,"column":4},"end":{"line":388,"column":5}},{"start":{"line":385,"column":4},"end":{"line":388,"column":5}}],"line":385},"82":{"loc":{"start":{"line":385,"column":8},"end":{"line":385,"column":83}},"type":"binary-expr","locations":[{"start":{"line":385,"column":8},"end":{"line":385,"column":29}},{"start":{"line":385,"column":33},"end":{"line":385,"column":83}}],"line":385},"83":{"loc":{"start":{"line":386,"column":8},"end":{"line":386,"column":186}},"type":"if","locations":[{"start":{"line":386,"column":8},"end":{"line":386,"column":186}},{"start":{"line":386,"column":8},"end":{"line":386,"column":186}}],"line":386},"84":{"loc":{"start":{"line":395,"column":4},"end":{"line":412,"column":5}},"type":"switch","locations":[{"start":{"line":396,"column":8},"end":{"line":397,"column":26}},{"start":{"line":398,"column":8},"end":{"line":399,"column":26}},{"start":{"line":400,"column":8},"end":{"line":401,"column":26}},{"start":{"line":402,"column":8},"end":{"line":403,"column":26}},{"start":{"line":404,"column":8},"end":{"line":405,"column":26}},{"start":{"line":406,"column":8},"end":{"line":407,"column":26}},{"start":{"line":408,"column":8},"end":{"line":409,"column":26}},{"start":{"line":410,"column":8},"end":{"line":411,"column":27}}],"line":395}},"s":{"0":1,"1":1,"2":1,"3":1,"4":21,"5":21,"6":21,"7":21,"8":21,"9":21,"10":21,"11":21,"12":21,"13":21,"14":6,"15":21,"16":20,"17":21,"18":9,"19":21,"20":21,"21":1,"22":20,"23":1,"24":102,"25":102,"26":102,"27":102,"28":102,"29":1,"30":1,"31":1,"32":209,"33":157,"34":209,"35":1,"36":79,"37":65,"38":79,"39":1,"40":94,"41":45,"42":49,"43":0,"44":49,"45":12,"46":12,"47":0,"48":37,"49":37,"50":35,"51":2,"52":1,"53":142,"54":112,"55":142,"56":142,"57":45,"58":45,"59":45,"60":1720,"61":45,"62":45,"63":97,"64":45,"65":45,"66":30,"67":45,"68":45,"69":39,"70":45,"71":45,"72":45,"73":52,"74":10,"75":10,"76":10,"77":42,"78":42,"79":38,"80":0,"81":0,"82":0,"83":38,"84":34,"85":38,"86":38,"87":38,"88":34,"89":38,"90":0,"91":38,"92":38,"93":4,"94":1,"95":109,"96":79,"97":109,"98":109,"99":54,"100":54,"101":40,"102":54,"103":54,"104":12,"105":12,"106":54,"107":0,"108":55,"109":55,"110":55,"111":39,"112":55,"113":2,"114":55,"115":0,"116":1,"117":107,"118":79,"119":107,"120":107,"121":54,"122":54,"123":0,"124":0,"125":54,"126":54,"127":12,"128":42,"129":54,"130":54,"131":54,"132":53,"133":53,"134":53,"135":0,"136":0,"137":53,"138":2,"139":2,"140":0,"141":0,"142":53,"143":53,"144":53,"145":0,"146":0,"147":0,"148":53,"149":39,"150":53,"151":53,"152":53,"153":53,"154":53,"155":0,"156":1,"157":4,"158":4,"159":4,"160":4,"161":4,"162":4,"163":4,"164":3,"165":0,"166":0,"167":1,"168":54,"169":54,"170":54,"171":54,"172":54,"173":54,"174":3105,"175":40,"176":3065,"177":3065,"178":3065,"179":3051,"180":3051,"181":136,"182":2915,"183":2861,"184":2861,"185":2861,"186":2861,"187":2915,"188":2915,"189":1,"190":1,"191":1,"192":1,"193":1,"194":0,"195":0,"196":0,"197":0,"198":0,"199":0,"200":2915,"201":3051,"202":42,"203":3051,"204":2,"205":3049,"206":3051,"207":3051,"208":3557,"209":3557,"210":2332,"211":1225,"212":881,"213":344,"214":3557,"215":54,"216":54,"217":54,"218":54,"219":1,"220":54,"221":54,"222":54,"223":0,"224":0,"225":0,"226":0,"227":0,"228":0,"229":30,"230":30,"231":30,"232":0,"233":0,"234":0,"235":0,"236":0,"237":0,"238":0,"239":0,"240":0,"241":2,"242":2,"243":2,"244":0,"245":0,"246":0,"247":0,"248":0,"249":0,"250":6,"251":2,"252":6,"253":6,"254":0,"255":0,"256":0,"257":11,"258":11,"259":11,"260":0,"261":0,"262":0,"263":5,"264":5,"265":54,"266":6,"267":6,"268":0,"269":0,"270":6,"271":6,"272":6,"273":2,"274":48,"275":54,"276":3,"277":1,"278":3,"279":54,"280":0,"281":0,"282":0,"283":1,"284":10,"285":10,"286":10,"287":2,"288":2,"289":0,"290":0,"291":0,"292":0,"293":2,"294":2,"295":0,"296":0,"297":6,"298":6,"299":0,"300":0,"301":0,"302":0,"303":10,"304":10,"305":10,"306":1},"f":{"0":21,"1":20,"2":102,"3":1,"4":209,"5":79,"6":94,"7":142,"8":38,"9":109,"10":107,"11":4,"12":54,"13":54,"14":10},"b":{"0":[6,15],"1":[20,1],"2":[9,12],"3":[157,52],"4":[65,14],"5":[45,49],"6":[0,49],"7":[12,37],"8":[12,0],"9":[12,6],"10":[37,0],"11":[35,2],"12":[112,30],"13":[45,97],"14":[45,52],"15":[30,15],"16":[39,6],"17":[10,42],"18":[42,0],"19":[38,4],"20":[42,40],"21":[0,38],"22":[38,38],"23":[34,4],"24":[34,4],"25":[0,38],"26":[79,30],"27":[54,55],"28":[109,67],"29":[40,14],"30":[54,0],"31":[54,54],"32":[12,42],"33":[55,0],"34":[39,16],"35":[2,53],"36":[55,53],"37":[79,28],"38":[54,53],"39":[0,54],"40":[54,54],"41":[12,42],"42":[54,48],"43":[54,0],"44":[53,0],"45":[0,53],"46":[53,53],"47":[2,51],"48":[0,2],"49":[2,2],"50":[0,53],"51":[0,0],"52":[39,14],"53":[53,0],"54":[53,0],"55":[4,0],"56":[4,0],"57":[4,0],"58":[4,0],"59":[3,1],"60":[0,0],"61":[40,3065],"62":[3105,3105],"63":[3051,14],"64":[136,2915],"65":[3051,2997],"66":[2861,54],"67":[1,0],"68":[42,3009],"69":[2,3049],"70":[2332,1225],"71":[881,344],"72":[54,0],"73":[54,0],"74":[0,0,30,0,0,0,2,0,0,6,0,11,0,5],"75":[2,4],"76":[6,48],"77":[6,0],"78":[2,4],"79":[3,51],"80":[1,2],"81":[0,54],"82":[54,47],"83":[0,0],"84":[2,0,0,2,0,6,0,0]},"_coverageSchema":"1a1c01bbd47fc00a2c39e90264f33305004495a9","hash":"770c2707866fc277cf5b8f95511a92b49b8cf46b","contentHash":"07e47938fa7fd705b7a133b00be3134ab5d51fdb6a5efe56bd79ea1c98e87fe9"},"/home/runner/work/smartmeter-obis/smartmeter-obis/lib/ObisMeasurement.js":{"path":"/home/runner/work/smartmeter-obis/smartmeter-obis/lib/ObisMeasurement.js","statementMap":{"0":{"start":{"line":7,"column":14},"end":{"line":7,"column":45}},"1":{"start":{"line":10,"column":4},"end":{"line":10,"column":25}},"2":{"start":{"line":11,"column":4},"end":{"line":11,"column":27}},"3":{"start":{"line":12,"column":4},"end":{"line":12,"column":35}},"4":{"start":{"line":13,"column":4},"end":{"line":13,"column":35}},"5":{"start":{"line":14,"column":4},"end":{"line":14,"column":33}},"6":{"start":{"line":15,"column":4},"end":{"line":15,"column":51}},"7":{"start":{"line":17,"column":4},"end":{"line":17,"column":30}},"8":{"start":{"line":18,"column":4},"end":{"line":18,"column":21}},"9":{"start":{"line":21,"column":4},"end":{"line":56,"column":5}},"10":{"start":{"line":22,"column":8},"end":{"line":26,"column":9}},"11":{"start":{"line":23,"column":12},"end":{"line":23,"column":37}},"12":{"start":{"line":24,"column":12},"end":{"line":24,"column":32}},"13":{"start":{"line":25,"column":12},"end":{"line":25,"column":37}},"14":{"start":{"line":27,"column":22},"end":{"line":27,"column":132}},"15":{"start":{"line":29,"column":8},"end":{"line":52,"column":9}},"16":{"start":{"line":30,"column":12},"end":{"line":30,"column":62}},"17":{"start":{"line":30,"column":35},"end":{"line":30,"column":62}},"18":{"start":{"line":31,"column":12},"end":{"line":31,"column":63}},"19":{"start":{"line":31,"column":35},"end":{"line":31,"column":63}},"20":{"start":{"line":32,"column":12},"end":{"line":32,"column":67}},"21":{"start":{"line":32,"column":35},"end":{"line":32,"column":67}},"22":{"start":{"line":33,"column":12},"end":{"line":33,"column":67}},"23":{"start":{"line":33,"column":35},"end":{"line":33,"column":67}},"24":{"start":{"line":34,"column":12},"end":{"line":34,"column":66}},"25":{"start":{"line":34,"column":35},"end":{"line":34,"column":66}},"26":{"start":{"line":35,"column":12},"end":{"line":35,"column":75}},"27":{"start":{"line":35,"column":35},"end":{"line":35,"column":75}},"28":{"start":{"line":37,"column":13},"end":{"line":52,"column":9}},"29":{"start":{"line":38,"column":12},"end":{"line":38,"column":48}},"30":{"start":{"line":41,"column":12},"end":{"line":41,"column":108}},"31":{"start":{"line":42,"column":12},"end":{"line":51,"column":13}},"32":{"start":{"line":43,"column":16},"end":{"line":43,"column":40}},"33":{"start":{"line":44,"column":16},"end":{"line":44,"column":71}},"34":{"start":{"line":44,"column":39},"end":{"line":44,"column":71}},"35":{"start":{"line":45,"column":16},"end":{"line":45,"column":71}},"36":{"start":{"line":45,"column":39},"end":{"line":45,"column":71}},"37":{"start":{"line":46,"column":16},"end":{"line":46,"column":70}},"38":{"start":{"line":46,"column":39},"end":{"line":46,"column":70}},"39":{"start":{"line":47,"column":16},"end":{"line":47,"column":79}},"40":{"start":{"line":47,"column":39},"end":{"line":47,"column":79}},"41":{"start":{"line":50,"column":16},"end":{"line":50,"column":65}},"42":{"start":{"line":53,"column":8},"end":{"line":55,"column":9}},"43":{"start":{"line":54,"column":12},"end":{"line":54,"column":41}},"44":{"start":{"line":57,"column":4},"end":{"line":74,"column":5}},"45":{"start":{"line":58,"column":8},"end":{"line":73,"column":9}},"46":{"start":{"line":59,"column":12},"end":{"line":69,"column":13}},"47":{"start":{"line":60,"column":16},"end":{"line":60,"column":42}},"48":{"start":{"line":61,"column":16},"end":{"line":61,"column":43}},"49":{"start":{"line":62,"column":16},"end":{"line":62,"column":47}},"50":{"start":{"line":63,"column":16},"end":{"line":63,"column":47}},"51":{"start":{"line":64,"column":16},"end":{"line":64,"column":46}},"52":{"start":{"line":65,"column":16},"end":{"line":65,"column":55}},"53":{"start":{"line":68,"column":16},"end":{"line":68,"column":83}},"54":{"start":{"line":72,"column":12},"end":{"line":72,"column":69}},"55":{"start":{"line":82,"column":0},"end":{"line":102,"column":2}},"56":{"start":{"line":83,"column":23},"end":{"line":83,"column":66}},"57":{"start":{"line":84,"column":27},"end":{"line":84,"column":96}},"58":{"start":{"line":86,"column":18},"end":{"line":86,"column":20}},"59":{"start":{"line":87,"column":4},"end":{"line":89,"column":5}},"60":{"start":{"line":88,"column":8},"end":{"line":88,"column":90}},"61":{"start":{"line":90,"column":4},"end":{"line":100,"column":5}},"62":{"start":{"line":91,"column":8},"end":{"line":91,"column":47}},"63":{"start":{"line":91,"column":32},"end":{"line":91,"column":47}},"64":{"start":{"line":92,"column":8},"end":{"line":92,"column":36}},"65":{"start":{"line":93,"column":8},"end":{"line":98,"column":9}},"66":{"start":{"line":94,"column":12},"end":{"line":94,"column":46}},"67":{"start":{"line":95,"column":12},"end":{"line":97,"column":13}},"68":{"start":{"line":96,"column":16},"end":{"line":96,"column":49}},"69":{"start":{"line":99,"column":8},"end":{"line":99,"column":109}},"70":{"start":{"line":99,"column":67},"end":{"line":99,"column":109}},"71":{"start":{"line":101,"column":4},"end":{"line":101,"column":19}},"72":{"start":{"line":104,"column":0},"end":{"line":112,"column":2}},"73":{"start":{"line":105,"column":19},"end":{"line":105,"column":21}},"74":{"start":{"line":106,"column":4},"end":{"line":110,"column":5}},"75":{"start":{"line":106,"column":17},"end":{"line":106,"column":18}},"76":{"start":{"line":107,"column":8},"end":{"line":107,"column":41}},"77":{"start":{"line":108,"column":8},"end":{"line":108,"column":71}},"78":{"start":{"line":108,"column":33},"end":{"line":108,"column":71}},"79":{"start":{"line":109,"column":8},"end":{"line":109,"column":25}},"80":{"start":{"line":111,"column":4},"end":{"line":111,"column":52}},"81":{"start":{"line":114,"column":0},"end":{"line":116,"column":2}},"82":{"start":{"line":115,"column":4},"end":{"line":115,"column":38}},"83":{"start":{"line":118,"column":0},"end":{"line":120,"column":2}},"84":{"start":{"line":119,"column":4},"end":{"line":119,"column":23}},"85":{"start":{"line":122,"column":0},"end":{"line":124,"column":2}},"86":{"start":{"line":123,"column":4},"end":{"line":123,"column":39}},"87":{"start":{"line":126,"column":0},"end":{"line":128,"column":2}},"88":{"start":{"line":127,"column":4},"end":{"line":127,"column":24}},"89":{"start":{"line":130,"column":0},"end":{"line":142,"column":2}},"90":{"start":{"line":131,"column":4},"end":{"line":140,"column":5}},"91":{"start":{"line":132,"column":18},"end":{"line":132,"column":31}},"92":{"start":{"line":133,"column":18},"end":{"line":133,"column":24}},"93":{"start":{"line":134,"column":18},"end":{"line":134,"column":31}},"94":{"start":{"line":135,"column":18},"end":{"line":135,"column":24}},"95":{"start":{"line":136,"column":18},"end":{"line":136,"column":31}},"96":{"start":{"line":137,"column":18},"end":{"line":137,"column":24}},"97":{"start":{"line":138,"column":18},"end":{"line":138,"column":31}},"98":{"start":{"line":139,"column":18},"end":{"line":139,"column":24}},"99":{"start":{"line":141,"column":4},"end":{"line":141,"column":43}},"100":{"start":{"line":144,"column":0},"end":{"line":146,"column":2}},"101":{"start":{"line":145,"column":4},"end":{"line":145,"column":28}},"102":{"start":{"line":148,"column":0},"end":{"line":160,"column":2}},"103":{"start":{"line":149,"column":4},"end":{"line":158,"column":5}},"104":{"start":{"line":150,"column":18},"end":{"line":150,"column":31}},"105":{"start":{"line":151,"column":18},"end":{"line":151,"column":24}},"106":{"start":{"line":152,"column":18},"end":{"line":152,"column":31}},"107":{"start":{"line":153,"column":18},"end":{"line":153,"column":24}},"108":{"start":{"line":154,"column":18},"end":{"line":154,"column":31}},"109":{"start":{"line":155,"column":18},"end":{"line":155,"column":24}},"110":{"start":{"line":156,"column":18},"end":{"line":156,"column":31}},"111":{"start":{"line":157,"column":18},"end":{"line":157,"column":24}},"112":{"start":{"line":159,"column":4},"end":{"line":159,"column":43}},"113":{"start":{"line":162,"column":0},"end":{"line":164,"column":2}},"114":{"start":{"line":163,"column":4},"end":{"line":163,"column":28}},"115":{"start":{"line":166,"column":0},"end":{"line":168,"column":2}},"116":{"start":{"line":167,"column":4},"end":{"line":167,"column":42}},"117":{"start":{"line":170,"column":0},"end":{"line":172,"column":2}},"118":{"start":{"line":171,"column":4},"end":{"line":171,"column":27}},"119":{"start":{"line":174,"column":0},"end":{"line":176,"column":2}},"120":{"start":{"line":175,"column":4},"end":{"line":175,"column":51}},"121":{"start":{"line":178,"column":0},"end":{"line":180,"column":2}},"122":{"start":{"line":179,"column":4},"end":{"line":179,"column":36}},"123":{"start":{"line":182,"column":0},"end":{"line":184,"column":2}},"124":{"start":{"line":183,"column":4},"end":{"line":183,"column":29}},"125":{"start":{"line":186,"column":0},"end":{"line":188,"column":2}},"126":{"start":{"line":187,"column":4},"end":{"line":187,"column":25}},"127":{"start":{"line":190,"column":0},"end":{"line":230,"column":2}},"128":{"start":{"line":191,"column":4},"end":{"line":207,"column":5}},"129":{"start":{"line":192,"column":25},"end":{"line":192,"column":42}},"130":{"start":{"line":193,"column":8},"end":{"line":195,"column":9}},"131":{"start":{"line":194,"column":12},"end":{"line":194,"column":31}},"132":{"start":{"line":197,"column":9},"end":{"line":207,"column":5}},"133":{"start":{"line":198,"column":28},"end":{"line":198,"column":32}},"134":{"start":{"line":199,"column":8},"end":{"line":204,"column":9}},"135":{"start":{"line":199,"column":19},"end":{"line":199,"column":20}},"136":{"start":{"line":200,"column":12},"end":{"line":203,"column":13}},"137":{"start":{"line":201,"column":16},"end":{"line":201,"column":40}},"138":{"start":{"line":202,"column":16},"end":{"line":202,"column":22}},"139":{"start":{"line":205,"column":8},"end":{"line":206,"column":47}},"140":{"start":{"line":205,"column":29},"end":{"line":205,"column":54}},"141":{"start":{"line":206,"column":17},"end":{"line":206,"column":47}},"142":{"start":{"line":208,"column":4},"end":{"line":213,"column":5}},"143":{"start":{"line":209,"column":22},"end":{"line":209,"column":40}},"144":{"start":{"line":210,"column":8},"end":{"line":212,"column":9}},"145":{"start":{"line":211,"column":12},"end":{"line":211,"column":27}},"146":{"start":{"line":214,"column":4},"end":{"line":216,"column":5}},"147":{"start":{"line":215,"column":8},"end":{"line":215,"column":19}},"148":{"start":{"line":217,"column":4},"end":{"line":227,"column":5}},"149":{"start":{"line":218,"column":8},"end":{"line":218,"column":29}},"150":{"start":{"line":219,"column":8},"end":{"line":219,"column":46}},"151":{"start":{"line":220,"column":8},"end":{"line":220,"column":21}},"152":{"start":{"line":222,"column":9},"end":{"line":227,"column":5}},"153":{"start":{"line":223,"column":8},"end":{"line":225,"column":9}},"154":{"start":{"line":224,"column":12},"end":{"line":224,"column":50}},"155":{"start":{"line":226,"column":8},"end":{"line":226,"column":41}},"156":{"start":{"line":229,"column":4},"end":{"line":229,"column":53}},"157":{"start":{"line":232,"column":0},"end":{"line":234,"column":2}},"158":{"start":{"line":233,"column":4},"end":{"line":233,"column":23}},"159":{"start":{"line":236,"column":0},"end":{"line":238,"column":2}},"160":{"start":{"line":237,"column":4},"end":{"line":237,"column":30}},"161":{"start":{"line":240,"column":0},"end":{"line":243,"column":2}},"162":{"start":{"line":241,"column":4},"end":{"line":241,"column":54}},"163":{"start":{"line":241,"column":28},"end":{"line":241,"column":54}},"164":{"start":{"line":242,"column":4},"end":{"line":242,"column":16}},"165":{"start":{"line":245,"column":0},"end":{"line":245,"column":33}}},"fnMap":{"0":{"name":"ObisMeasurement","decl":{"start":{"line":9,"column":9},"end":{"line":9,"column":24}},"loc":{"start":{"line":9,"column":101},"end":{"line":75,"column":1}},"line":9},"1":{"name":"idToString","decl":{"start":{"line":82,"column":48},"end":{"line":82,"column":58}},"loc":{"start":{"line":82,"column":68},"end":{"line":102,"column":1}},"line":82},"2":{"name":"valueToString","decl":{"start":{"line":104,"column":51},"end":{"line":104,"column":64}},"loc":{"start":{"line":104,"column":67},"end":{"line":112,"column":1}},"line":104},"3":{"name":"setMedium","decl":{"start":{"line":114,"column":47},"end":{"line":114,"column":56}},"loc":{"start":{"line":114,"column":64},"end":{"line":116,"column":1}},"line":114},"4":{"name":"getMedium","decl":{"start":{"line":118,"column":47},"end":{"line":118,"column":56}},"loc":{"start":{"line":118,"column":59},"end":{"line":120,"column":1}},"line":118},"5":{"name":"setChannel","decl":{"start":{"line":122,"column":48},"end":{"line":122,"column":58}},"loc":{"start":{"line":122,"column":66},"end":{"line":124,"column":1}},"line":122},"6":{"name":"getChannel","decl":{"start":{"line":126,"column":48},"end":{"line":126,"column":58}},"loc":{"start":{"line":126,"column":61},"end":{"line":128,"column":1}},"line":126},"7":{"name":"setMeasurement","decl":{"start":{"line":130,"column":52},"end":{"line":130,"column":66}},"loc":{"start":{"line":130,"column":74},"end":{"line":142,"column":1}},"line":130},"8":{"name":"getMeasurement","decl":{"start":{"line":144,"column":52},"end":{"line":144,"column":66}},"loc":{"start":{"line":144,"column":69},"end":{"line":146,"column":1}},"line":144},"9":{"name":"setMeasureType","decl":{"start":{"line":148,"column":52},"end":{"line":148,"column":66}},"loc":{"start":{"line":148,"column":74},"end":{"line":160,"column":1}},"line":148},"10":{"name":"getMeasureType","decl":{"start":{"line":162,"column":52},"end":{"line":162,"column":66}},"loc":{"start":{"line":162,"column":69},"end":{"line":164,"column":1}},"line":162},"11":{"name":"setTariffRate","decl":{"start":{"line":166,"column":51},"end":{"line":166,"column":64}},"loc":{"start":{"line":166,"column":72},"end":{"line":168,"column":1}},"line":166},"12":{"name":"getTariffRate","decl":{"start":{"line":170,"column":51},"end":{"line":170,"column":64}},"loc":{"start":{"line":170,"column":67},"end":{"line":172,"column":1}},"line":170},"13":{"name":"setPreviousMeasurement","decl":{"start":{"line":174,"column":60},"end":{"line":174,"column":82}},"loc":{"start":{"line":174,"column":90},"end":{"line":176,"column":1}},"line":174},"14":{"name":"getPreviousMeasurement","decl":{"start":{"line":178,"column":60},"end":{"line":178,"column":82}},"loc":{"start":{"line":178,"column":85},"end":{"line":180,"column":1}},"line":178},"15":{"name":"setRawValue","decl":{"start":{"line":182,"column":49},"end":{"line":182,"column":60}},"loc":{"start":{"line":182,"column":71},"end":{"line":184,"column":1}},"line":182},"16":{"name":"getRawValue","decl":{"start":{"line":186,"column":49},"end":{"line":186,"column":60}},"loc":{"start":{"line":186,"column":63},"end":{"line":188,"column":1}},"line":186},"17":{"name":"addValue","decl":{"start":{"line":190,"column":46},"end":{"line":190,"column":54}},"loc":{"start":{"line":190,"column":68},"end":{"line":230,"column":1}},"line":190},"18":{"name":"getValues","decl":{"start":{"line":232,"column":47},"end":{"line":232,"column":56}},"loc":{"start":{"line":232,"column":59},"end":{"line":234,"column":1}},"line":232},"19":{"name":"getValueLength","decl":{"start":{"line":236,"column":52},"end":{"line":236,"column":66}},"loc":{"start":{"line":236,"column":69},"end":{"line":238,"column":1}},"line":236},"20":{"name":"getValue","decl":{"start":{"line":240,"column":46},"end":{"line":240,"column":54}},"loc":{"start":{"line":240,"column":62},"end":{"line":243,"column":1}},"line":240}},"branchMap":{"0":{"loc":{"start":{"line":21,"column":4},"end":{"line":56,"column":5}},"type":"if","locations":[{"start":{"line":21,"column":4},"end":{"line":56,"column":5}},{"start":{"line":21,"column":4},"end":{"line":56,"column":5}}],"line":21},"1":{"loc":{"start":{"line":21,"column":8},"end":{"line":21,"column":72}},"type":"binary-expr","locations":[{"start":{"line":21,"column":8},"end":{"line":21,"column":34}},{"start":{"line":21,"column":38},"end":{"line":21,"column":72}}],"line":21},"2":{"loc":{"start":{"line":22,"column":8},"end":{"line":26,"column":9}},"type":"if","locations":[{"start":{"line":22,"column":8},"end":{"line":26,"column":9}},{"start":{"line":22,"column":8},"end":{"line":26,"column":9}}],"line":22},"3":{"loc":{"start":{"line":29,"column":8},"end":{"line":52,"column":9}},"type":"if","locations":[{"start":{"line":29,"column":8},"end":{"line":52,"column":9}},{"start":{"line":29,"column":8},"end":{"line":52,"column":9}}],"line":29},"4":{"loc":{"start":{"line":29,"column":12},"end":{"line":29,"column":41}},"type":"binary-expr","locations":[{"start":{"line":29,"column":12},"end":{"line":29,"column":19}},{"start":{"line":29,"column":23},"end":{"line":29,"column":41}}],"line":29},"5":{"loc":{"start":{"line":30,"column":12},"end":{"line":30,"column":62}},"type":"if","locations":[{"start":{"line":30,"column":12},"end":{"line":30,"column":62}},{"start":{"line":30,"column":12},"end":{"line":30,"column":62}}],"line":30},"6":{"loc":{"start":{"line":31,"column":12},"end":{"line":31,"column":63}},"type":"if","locations":[{"start":{"line":31,"column":12},"end":{"line":31,"column":63}},{"start":{"line":31,"column":12},"end":{"line":31,"column":63}}],"line":31},"7":{"loc":{"start":{"line":32,"column":12},"end":{"line":32,"column":67}},"type":"if","locations":[{"start":{"line":32,"column":12},"end":{"line":32,"column":67}},{"start":{"line":32,"column":12},"end":{"line":32,"column":67}}],"line":32},"8":{"loc":{"start":{"line":33,"column":12},"end":{"line":33,"column":67}},"type":"if","locations":[{"start":{"line":33,"column":12},"end":{"line":33,"column":67}},{"start":{"line":33,"column":12},"end":{"line":33,"column":67}}],"line":33},"9":{"loc":{"start":{"line":34,"column":12},"end":{"line":34,"column":66}},"type":"if","locations":[{"start":{"line":34,"column":12},"end":{"line":34,"column":66}},{"start":{"line":34,"column":12},"end":{"line":34,"column":66}}],"line":34},"10":{"loc":{"start":{"line":35,"column":12},"end":{"line":35,"column":75}},"type":"if","locations":[{"start":{"line":35,"column":12},"end":{"line":35,"column":75}},{"start":{"line":35,"column":12},"end":{"line":35,"column":75}}],"line":35},"11":{"loc":{"start":{"line":37,"column":13},"end":{"line":52,"column":9}},"type":"if","locations":[{"start":{"line":37,"column":13},"end":{"line":52,"column":9}},{"start":{"line":37,"column":13},"end":{"line":52,"column":9}}],"line":37},"12":{"loc":{"start":{"line":42,"column":12},"end":{"line":51,"column":13}},"type":"if","locations":[{"start":{"line":42,"column":12},"end":{"line":51,"column":13}},{"start":{"line":42,"column":12},"end":{"line":51,"column":13}}],"line":42},"13":{"loc":{"start":{"line":42,"column":16},"end":{"line":42,"column":45}},"type":"binary-expr","locations":[{"start":{"line":42,"column":16},"end":{"line":42,"column":23}},{"start":{"line":42,"column":27},"end":{"line":42,"column":45}}],"line":42},"14":{"loc":{"start":{"line":44,"column":16},"end":{"line":44,"column":71}},"type":"if","locations":[{"start":{"line":44,"column":16},"end":{"line":44,"column":71}},{"start":{"line":44,"column":16},"end":{"line":44,"column":71}}],"line":44},"15":{"loc":{"start":{"line":45,"column":16},"end":{"line":45,"column":71}},"type":"if","locations":[{"start":{"line":45,"column":16},"end":{"line":45,"column":71}},{"start":{"line":45,"column":16},"end":{"line":45,"column":71}}],"line":45},"16":{"loc":{"start":{"line":46,"column":16},"end":{"line":46,"column":70}},"type":"if","locations":[{"start":{"line":46,"column":16},"end":{"line":46,"column":70}},{"start":{"line":46,"column":16},"end":{"line":46,"column":70}}],"line":46},"17":{"loc":{"start":{"line":47,"column":16},"end":{"line":47,"column":79}},"type":"if","locations":[{"start":{"line":47,"column":16},"end":{"line":47,"column":79}},{"start":{"line":47,"column":16},"end":{"line":47,"column":79}}],"line":47},"18":{"loc":{"start":{"line":53,"column":8},"end":{"line":55,"column":9}},"type":"if","locations":[{"start":{"line":53,"column":8},"end":{"line":55,"column":9}},{"start":{"line":53,"column":8},"end":{"line":55,"column":9}}],"line":53},"19":{"loc":{"start":{"line":53,"column":12},"end":{"line":53,"column":68}},"type":"binary-expr","locations":[{"start":{"line":53,"column":12},"end":{"line":53,"column":39}},{"start":{"line":53,"column":43},"end":{"line":53,"column":68}}],"line":53},"20":{"loc":{"start":{"line":57,"column":4},"end":{"line":74,"column":5}},"type":"if","locations":[{"start":{"line":57,"column":4},"end":{"line":74,"column":5}},{"start":{"line":57,"column":4},"end":{"line":74,"column":5}}],"line":57},"21":{"loc":{"start":{"line":57,"column":8},"end":{"line":57,"column":68}},"type":"binary-expr","locations":[{"start":{"line":57,"column":8},"end":{"line":57,"column":34}},{"start":{"line":57,"column":38},"end":{"line":57,"column":68}}],"line":57},"22":{"loc":{"start":{"line":58,"column":8},"end":{"line":73,"column":9}},"type":"if","locations":[{"start":{"line":58,"column":8},"end":{"line":73,"column":9}},{"start":{"line":58,"column":8},"end":{"line":73,"column":9}}],"line":58},"23":{"loc":{"start":{"line":58,"column":12},"end":{"line":58,"column":60}},"type":"binary-expr","locations":[{"start":{"line":58,"column":12},"end":{"line":58,"column":35}},{"start":{"line":58,"column":39},"end":{"line":58,"column":60}}],"line":58},"24":{"loc":{"start":{"line":59,"column":12},"end":{"line":69,"column":13}},"type":"if","locations":[{"start":{"line":59,"column":12},"end":{"line":69,"column":13}},{"start":{"line":59,"column":12},"end":{"line":69,"column":13}}],"line":59},"25":{"loc":{"start":{"line":83,"column":23},"end":{"line":83,"column":66}},"type":"binary-expr","locations":[{"start":{"line":83,"column":23},"end":{"line":83,"column":44}},{"start":{"line":83,"column":48},"end":{"line":83,"column":66}}],"line":83},"26":{"loc":{"start":{"line":84,"column":27},"end":{"line":84,"column":96}},"type":"binary-expr","locations":[{"start":{"line":84,"column":27},"end":{"line":84,"column":48}},{"start":{"line":84,"column":52},"end":{"line":84,"column":70}},{"start":{"line":84,"column":74},"end":{"line":84,"column":96}}],"line":84},"27":{"loc":{"start":{"line":87,"column":4},"end":{"line":89,"column":5}},"type":"if","locations":[{"start":{"line":87,"column":4},"end":{"line":89,"column":5}},{"start":{"line":87,"column":4},"end":{"line":89,"column":5}}],"line":87},"28":{"loc":{"start":{"line":87,"column":8},"end":{"line":87,"column":69}},"type":"binary-expr","locations":[{"start":{"line":87,"column":9},"end":{"line":87,"column":20}},{"start":{"line":87,"column":24},"end":{"line":87,"column":39}},{"start":{"line":87,"column":44},"end":{"line":87,"column":69}}],"line":87},"29":{"loc":{"start":{"line":88,"column":40},"end":{"line":88,"column":88}},"type":"cond-expr","locations":[{"start":{"line":88,"column":70},"end":{"line":88,"column":73}},{"start":{"line":88,"column":76},"end":{"line":88,"column":88}}],"line":88},"30":{"loc":{"start":{"line":90,"column":4},"end":{"line":100,"column":5}},"type":"if","locations":[{"start":{"line":90,"column":4},"end":{"line":100,"column":5}},{"start":{"line":90,"column":4},"end":{"line":100,"column":5}}],"line":90},"31":{"loc":{"start":{"line":91,"column":8},"end":{"line":91,"column":47}},"type":"if","locations":[{"start":{"line":91,"column":8},"end":{"line":91,"column":47}},{"start":{"line":91,"column":8},"end":{"line":91,"column":47}}],"line":91},"32":{"loc":{"start":{"line":93,"column":8},"end":{"line":98,"column":9}},"type":"if","locations":[{"start":{"line":93,"column":8},"end":{"line":98,"column":9}},{"start":{"line":93,"column":8},"end":{"line":98,"column":9}}],"line":93},"33":{"loc":{"start":{"line":95,"column":12},"end":{"line":97,"column":13}},"type":"if","locations":[{"start":{"line":95,"column":12},"end":{"line":97,"column":13}},{"start":{"line":95,"column":12},"end":{"line":97,"column":13}}],"line":95},"34":{"loc":{"start":{"line":99,"column":8},"end":{"line":99,"column":109}},"type":"if","locations":[{"start":{"line":99,"column":8},"end":{"line":99,"column":109}},{"start":{"line":99,"column":8},"end":{"line":99,"column":109}}],"line":99},"35":{"loc":{"start":{"line":99,"column":12},"end":{"line":99,"column":65}},"type":"binary-expr","locations":[{"start":{"line":99,"column":12},"end":{"line":99,"column":23}},{"start":{"line":99,"column":27},"end":{"line":99,"column":65}}],"line":99},"36":{"loc":{"start":{"line":108,"column":8},"end":{"line":108,"column":71}},"type":"if","locations":[{"start":{"line":108,"column":8},"end":{"line":108,"column":71}},{"start":{"line":108,"column":8},"end":{"line":108,"column":71}}],"line":108},"37":{"loc":{"start":{"line":131,"column":4},"end":{"line":140,"column":5}},"type":"switch","locations":[{"start":{"line":132,"column":8},"end":{"line":133,"column":24}},{"start":{"line":134,"column":8},"end":{"line":135,"column":24}},{"start":{"line":136,"column":8},"end":{"line":137,"column":24}},{"start":{"line":138,"column":8},"end":{"line":139,"column":24}}],"line":131},"38":{"loc":{"start":{"line":149,"column":4},"end":{"line":158,"column":5}},"type":"switch","locations":[{"start":{"line":150,"column":8},"end":{"line":151,"column":24}},{"start":{"line":152,"column":8},"end":{"line":153,"column":24}},{"start":{"line":154,"column":8},"end":{"line":155,"column":24}},{"start":{"line":156,"column":8},"end":{"line":157,"column":24}}],"line":149},"39":{"loc":{"start":{"line":191,"column":4},"end":{"line":207,"column":5}},"type":"if","locations":[{"start":{"line":191,"column":4},"end":{"line":207,"column":5}},{"start":{"line":191,"column":4},"end":{"line":207,"column":5}}],"line":191},"40":{"loc":{"start":{"line":193,"column":8},"end":{"line":195,"column":9}},"type":"if","locations":[{"start":{"line":193,"column":8},"end":{"line":195,"column":9}},{"start":{"line":193,"column":8},"end":{"line":195,"column":9}}],"line":193},"41":{"loc":{"start":{"line":197,"column":9},"end":{"line":207,"column":5}},"type":"if","locations":[{"start":{"line":197,"column":9},"end":{"line":207,"column":5}},{"start":{"line":197,"column":9},"end":{"line":207,"column":5}}],"line":197},"42":{"loc":{"start":{"line":197,"column":13},"end":{"line":197,"column":59}},"type":"binary-expr","locations":[{"start":{"line":197,"column":13},"end":{"line":197,"column":35}},{"start":{"line":197,"column":39},"end":{"line":197,"column":59}}],"line":197},"43":{"loc":{"start":{"line":200,"column":12},"end":{"line":203,"column":13}},"type":"if","locations":[{"start":{"line":200,"column":12},"end":{"line":203,"column":13}},{"start":{"line":200,"column":12},"end":{"line":203,"column":13}}],"line":200},"44":{"loc":{"start":{"line":200,"column":16},"end":{"line":200,"column":47}},"type":"binary-expr","locations":[{"start":{"line":200,"column":16},"end":{"line":200,"column":29}},{"start":{"line":200,"column":33},"end":{"line":200,"column":47}}],"line":200},"45":{"loc":{"start":{"line":205,"column":8},"end":{"line":206,"column":47}},"type":"if","locations":[{"start":{"line":205,"column":8},"end":{"line":206,"column":47}},{"start":{"line":205,"column":8},"end":{"line":206,"column":47}}],"line":205},"46":{"loc":{"start":{"line":208,"column":4},"end":{"line":213,"column":5}},"type":"if","locations":[{"start":{"line":208,"column":4},"end":{"line":213,"column":5}},{"start":{"line":208,"column":4},"end":{"line":213,"column":5}}],"line":208},"47":{"loc":{"start":{"line":210,"column":8},"end":{"line":212,"column":9}},"type":"if","locations":[{"start":{"line":210,"column":8},"end":{"line":212,"column":9}},{"start":{"line":210,"column":8},"end":{"line":212,"column":9}}],"line":210},"48":{"loc":{"start":{"line":214,"column":4},"end":{"line":216,"column":5}},"type":"if","locations":[{"start":{"line":214,"column":4},"end":{"line":216,"column":5}},{"start":{"line":214,"column":4},"end":{"line":216,"column":5}}],"line":214},"49":{"loc":{"start":{"line":214,"column":8},"end":{"line":214,"column":69}},"type":"binary-expr","locations":[{"start":{"line":214,"column":10},"end":{"line":214,"column":34}},{"start":{"line":214,"column":40},"end":{"line":214,"column":45}},{"start":{"line":214,"column":51},"end":{"line":214,"column":69}}],"line":214},"50":{"loc":{"start":{"line":217,"column":4},"end":{"line":227,"column":5}},"type":"if","locations":[{"start":{"line":217,"column":4},"end":{"line":227,"column":5}},{"start":{"line":217,"column":4},"end":{"line":227,"column":5}}],"line":217},"51":{"loc":{"start":{"line":217,"column":8},"end":{"line":217,"column":52}},"type":"binary-expr","locations":[{"start":{"line":217,"column":9},"end":{"line":217,"column":20}},{"start":{"line":217,"column":26},"end":{"line":217,"column":51}}],"line":217},"52":{"loc":{"start":{"line":222,"column":9},"end":{"line":227,"column":5}},"type":"if","locations":[{"start":{"line":222,"column":9},"end":{"line":227,"column":5}},{"start":{"line":222,"column":9},"end":{"line":227,"column":5}}],"line":222},"53":{"loc":{"start":{"line":223,"column":8},"end":{"line":225,"column":9}},"type":"if","locations":[{"start":{"line":223,"column":8},"end":{"line":225,"column":9}},{"start":{"line":223,"column":8},"end":{"line":225,"column":9}}],"line":223},"5
[...]
ranchMap":{"0":{"loc":{"start":{"line":10,"column":19},"end":{"line":10,"column":32}},"type":"binary-expr","locations":[{"start":{"line":10,"column":19},"end":{"line":10,"column":26}},{"start":{"line":10,"column":30},"end":{"line":10,"column":32}}],"line":10},"1":{"loc":{"start":{"line":21,"column":4},"end":{"line":21,"column":97}},"type":"if","locations":[{"start":{"line":21,"column":4},"end":{"line":21,"column":97}},{"start":{"line":21,"column":4},"end":{"line":21,"column":97}}],"line":21},"2":{"loc":{"start":{"line":22,"column":4},"end":{"line":22,"column":99}},"type":"if","locations":[{"start":{"line":22,"column":4},"end":{"line":22,"column":99}},{"start":{"line":22,"column":4},"end":{"line":22,"column":99}}],"line":22},"3":{"loc":{"start":{"line":23,"column":4},"end":{"line":23,"column":135}},"type":"if","locations":[{"start":{"line":23,"column":4},"end":{"line":23,"column":135}},{"start":{"line":23,"column":4},"end":{"line":23,"column":135}}],"line":23},"4":{"loc":{"start":{"line":24,"column":4},"end":{"line":26,"column":5}},"type":"if","locations":[{"start":{"line":24,"column":4},"end":{"line":26,"column":5}},{"start":{"line":24,"column":4},"end":{"line":26,"column":5}}],"line":24},"5":{"loc":{"start":{"line":24,"column":8},"end":{"line":24,"column":82}},"type":"binary-expr","locations":[{"start":{"line":24,"column":8},"end":{"line":24,"column":41}},{"start":{"line":24,"column":45},"end":{"line":24,"column":82}}],"line":24},"6":{"loc":{"start":{"line":25,"column":8},"end":{"line":25,"column":128}},"type":"binary-expr","locations":[{"start":{"line":25,"column":8},"end":{"line":25,"column":27}},{"start":{"line":25,"column":31},"end":{"line":25,"column":128}}],"line":25},"7":{"loc":{"start":{"line":30,"column":8},"end":{"line":30,"column":111}},"type":"if","locations":[{"start":{"line":30,"column":8},"end":{"line":30,"column":111}},{"start":{"line":30,"column":8},"end":{"line":30,"column":111}}],"line":30},"8":{"loc":{"start":{"line":31,"column":8},"end":{"line":36,"column":9}},"type":"if","locations":[{"start":{"line":31,"column":8},"end":{"line":36,"column":9}},{"start":{"line":31,"column":8},"end":{"line":36,"column":9}}],"line":31},"9":{"loc":{"start":{"line":44,"column":4},"end":{"line":108,"column":5}},"type":"if","locations":[{"start":{"line":44,"column":4},"end":{"line":108,"column":5}},{"start":{"line":44,"column":4},"end":{"line":108,"column":5}}],"line":44},"10":{"loc":{"start":{"line":48,"column":12},"end":{"line":48,"column":89}},"type":"if","locations":[{"start":{"line":48,"column":12},"end":{"line":48,"column":89}},{"start":{"line":48,"column":12},"end":{"line":48,"column":89}}],"line":48},"11":{"loc":{"start":{"line":53,"column":12},"end":{"line":53,"column":56}},"type":"if","locations":[{"start":{"line":53,"column":12},"end":{"line":53,"column":56}},{"start":{"line":53,"column":12},"end":{"line":53,"column":56}}],"line":53},"12":{"loc":{"start":{"line":53,"column":16},"end":{"line":53,"column":47}},"type":"binary-expr","locations":[{"start":{"line":53,"column":16},"end":{"line":53,"column":21}},{"start":{"line":53,"column":25},"end":{"line":53,"column":47}}],"line":53},"13":{"loc":{"start":{"line":54,"column":12},"end":{"line":54,"column":36}},"type":"if","locations":[{"start":{"line":54,"column":12},"end":{"line":54,"column":36}},{"start":{"line":54,"column":12},"end":{"line":54,"column":36}}],"line":54},"14":{"loc":{"start":{"line":55,"column":12},"end":{"line":58,"column":13}},"type":"if","locations":[{"start":{"line":55,"column":12},"end":{"line":58,"column":13}},{"start":{"line":55,"column":12},"end":{"line":58,"column":13}}],"line":55},"15":{"loc":{"start":{"line":56,"column":16},"end":{"line":56,"column":100}},"type":"if","locations":[{"start":{"line":56,"column":16},"end":{"line":56,"column":100}},{"start":{"line":56,"column":16},"end":{"line":56,"column":100}}],"line":56},"16":{"loc":{"start":{"line":60,"column":12},"end":{"line":68,"column":13}},"type":"if","locations":[{"start":{"line":60,"column":12},"end":{"line":68,"column":13}},{"start":{"line":60,"column":12},"end":{"line":68,"column":13}}],"line":60},"17":{"loc":{"start":{"line":64,"column":20},"end":{"line":64,"column":107}},"type":"if","locations":[{"start":{"line":64,"column":20},"end":{"line":64,"column":107}},{"start":{"line":64,"column":20},"end":{"line":64,"column":107}}],"line":64},"18":{"loc":{"start":{"line":70,"column":12},"end":{"line":74,"column":13}},"type":"if","locations":[{"start":{"line":70,"column":12},"end":{"line":74,"column":13}},{"start":{"line":70,"column":12},"end":{"line":74,"column":13}}],"line":70},"19":{"loc":{"start":{"line":71,"column":16},"end":{"line":71,"column":141}},"type":"if","locations":[{"start":{"line":71,"column":16},"end":{"line":71,"column":141}},{"start":{"line":71,"column":16},"end":{"line":71,"column":141}}],"line":71},"20":{"loc":{"start":{"line":76,"column":12},"end":{"line":80,"column":13}},"type":"if","locations":[{"start":{"line":76,"column":12},"end":{"line":80,"column":13}},{"start":{"line":76,"column":12},"end":{"line":80,"column":13}}],"line":76},"21":{"loc":{"start":{"line":77,"column":16},"end":{"line":77,"column":203}},"type":"if","locations":[{"start":{"line":77,"column":16},"end":{"line":77,"column":203}},{"start":{"line":77,"column":16},"end":{"line":77,"column":203}}],"line":77},"22":{"loc":{"start":{"line":81,"column":19},"end":{"line":81,"column":67}},"type":"binary-expr","locations":[{"start":{"line":81,"column":19},"end":{"line":81,"column":37}},{"start":{"line":81,"column":41},"end":{"line":81,"column":67}}],"line":81},"23":{"loc":{"start":{"line":82,"column":16},"end":{"line":82,"column":159}},"type":"if","locations":[{"start":{"line":82,"column":16},"end":{"line":82,"column":159}},{"start":{"line":82,"column":16},"end":{"line":82,"column":159}}],"line":82},"24":{"loc":{"start":{"line":82,"column":20},"end":{"line":82,"column":74}},"type":"binary-expr","locations":[{"start":{"line":82,"column":20},"end":{"line":82,"column":44}},{"start":{"line":82,"column":48},"end":{"line":82,"column":74}}],"line":82},"25":{"loc":{"start":{"line":83,"column":16},"end":{"line":83,"column":92}},"type":"if","locations":[{"start":{"line":83,"column":16},"end":{"line":83,"column":92}},{"start":{"line":83,"column":16},"end":{"line":83,"column":92}}],"line":83},"26":{"loc":{"start":{"line":83,"column":20},"end":{"line":83,"column":84}},"type":"binary-expr","locations":[{"start":{"line":83,"column":20},"end":{"line":83,"column":33}},{"start":{"line":83,"column":37},"end":{"line":83,"column":84}}],"line":83},"27":{"loc":{"start":{"line":85,"column":12},"end":{"line":95,"column":13}},"type":"if","locations":[{"start":{"line":85,"column":12},"end":{"line":95,"column":13}},{"start":{"line":85,"column":12},"end":{"line":95,"column":13}}],"line":85},"28":{"loc":{"start":{"line":87,"column":16},"end":{"line":87,"column":118}},"type":"if","locations":[{"start":{"line":87,"column":16},"end":{"line":87,"column":118}},{"start":{"line":87,"column":16},"end":{"line":87,"column":118}}],"line":87},"29":{"loc":{"start":{"line":91,"column":17},"end":{"line":95,"column":13}},"type":"if","locations":[{"start":{"line":91,"column":17},"end":{"line":95,"column":13}},{"start":{"line":91,"column":17},"end":{"line":95,"column":13}}],"line":91},"30":{"loc":{"start":{"line":92,"column":16},"end":{"line":92,"column":156}},"type":"if","locations":[{"start":{"line":92,"column":16},"end":{"line":92,"column":156}},{"start":{"line":92,"column":16},"end":{"line":92,"column":156}}],"line":92},"31":{"loc":{"start":{"line":99,"column":12},"end":{"line":99,"column":86}},"type":"if","locations":[{"start":{"line":99,"column":12},"end":{"line":99,"column":86}},{"start":{"line":99,"column":12},"end":{"line":99,"column":86}}],"line":99},"32":{"loc":{"start":{"line":105,"column":12},"end":{"line":105,"column":76}},"type":"if","locations":[{"start":{"line":105,"column":12},"end":{"line":105,"column":76}},{"start":{"line":105,"column":12},"end":{"line":105,"column":76}}],"line":105},"33":{"loc":{"start":{"line":116,"column":4},"end":{"line":116,"column":73}},"type":"if","locations":[{"start":{"line":116,"column":4},"end":{"line":116,"column":73}},{"start":{"line":116,"column":4},"end":{"line":116,"column":73}}],"line":116},"34":{"loc":{"start":{"line":116,"column":8},"end":{"line":116,"column":58}},"type":"binary-expr","locations":[{"start":{"line":116,"column":8},"end":{"line":116,"column":25}},{"start":{"line":116,"column":29},"end":{"line":116,"column":58}}],"line":116},"35":{"loc":{"start":{"line":118,"column":4},"end":{"line":173,"column":5}},"type":"if","locations":[{"start":{"line":118,"column":4},"end":{"line":173,"column":5}},{"start":{"line":118,"column":4},"end":{"line":173,"column":5}}],"line":118},"36":{"loc":{"start":{"line":119,"column":8},"end":{"line":122,"column":9}},"type":"if","locations":[{"start":{"line":119,"column":8},"end":{"line":122,"column":9}},{"start":{"line":119,"column":8},"end":{"line":122,"column":9}}],"line":119},"37":{"loc":{"start":{"line":124,"column":8},"end":{"line":124,"column":100}},"type":"if","locations":[{"start":{"line":124,"column":8},"end":{"line":124,"column":100}},{"start":{"line":124,"column":8},"end":{"line":124,"column":100}}],"line":124},"38":{"loc":{"start":{"line":132,"column":12},"end":{"line":132,"column":99}},"type":"if","locations":[{"start":{"line":132,"column":12},"end":{"line":132,"column":99}},{"start":{"line":132,"column":12},"end":{"line":132,"column":99}}],"line":132},"39":{"loc":{"start":{"line":138,"column":8},"end":{"line":142,"column":9}},"type":"if","locations":[{"start":{"line":138,"column":8},"end":{"line":142,"column":9}},{"start":{"line":138,"column":8},"end":{"line":142,"column":9}}],"line":138},"40":{"loc":{"start":{"line":138,"column":12},"end":{"line":138,"column":41}},"type":"binary-expr","locations":[{"start":{"line":138,"column":12},"end":{"line":138,"column":19}},{"start":{"line":138,"column":23},"end":{"line":138,"column":41}}],"line":138},"41":{"loc":{"start":{"line":141,"column":12},"end":{"line":141,"column":117}},"type":"if","locations":[{"start":{"line":141,"column":12},"end":{"line":141,"column":117}},{"start":{"line":141,"column":12},"end":{"line":141,"column":117}}],"line":141},"42":{"loc":{"start":{"line":143,"column":8},"end":{"line":147,"column":9}},"type":"if","locations":[{"start":{"line":143,"column":8},"end":{"line":147,"column":9}},{"start":{"line":143,"column":8},"end":{"line":147,"column":9}}],"line":143},"43":{"loc":{"start":{"line":144,"column":12},"end":{"line":146,"column":13}},"type":"if","locations":[{"start":{"line":144,"column":12},"end":{"line":146,"column":13}},{"start":{"line":144,"column":12},"end":{"line":146,"column":13}}],"line":144},"44":{"loc":{"start":{"line":144,"column":16},"end":{"line":144,"column":78}},"type":"binary-expr","locations":[{"start":{"line":144,"column":16},"end":{"line":144,"column":50}},{"start":{"line":144,"column":54},"end":{"line":144,"column":78}}],"line":144},"45":{"loc":{"start":{"line":148,"column":8},"end":{"line":148,"column":131}},"type":"if","locations":[{"start":{"line":148,"column":8},"end":{"line":148,"column":131}},{"start":{"line":148,"column":8},"end":{"line":148,"column":131}}],"line":148},"46":{"loc":{"start":{"line":149,"column":8},"end":{"line":152,"column":9}},"type":"if","locations":[{"start":{"line":149,"column":8},"end":{"line":152,"column":9}},{"start":{"line":149,"column":8},"end":{"line":152,"column":9}}],"line":149},"47":{"loc":{"start":{"line":158,"column":8},"end":{"line":158,"column":83}},"type":"if","locations":[{"start":{"line":158,"column":8},"end":{"line":158,"column":83}},{"start":{"line":158,"column":8},"end":{"line":158,"column":83}}],"line":158},"48":{"loc":{"start":{"line":162,"column":8},"end":{"line":170,"column":9}},"type":"if","locations":[{"start":{"line":162,"column":8},"end":{"line":170,"column":9}},{"start":{"line":162,"column":8},"end":{"line":170,"column":9}}],"line":162},"49":{"loc":{"start":{"line":163,"column":12},"end":{"line":169,"column":13}},"type":"if","locations":[{"start":{"line":163,"column":12},"end":{"line":169,"column":13}},{"start":{"line":163,"column":12},"end":{"line":169,"column":13}}],"line":163},"50":{"loc":{"start":{"line":164,"column":16},"end":{"line":167,"column":17}},"type":"if","locations":[{"start":{"line":164,"column":16},"end":{"line":167,"column":17}},{"start":{"line":164,"column":16},"end":{"line":167,"column":17}}],"line":164},"51":{"loc":{"start":{"line":171,"column":8},"end":{"line":171,"column":184}},"type":"if","locations":[{"start":{"line":171,"column":8},"end":{"line":171,"column":184}},{"start":{"line":171,"column":8},"end":{"line":171,"column":184}}],"line":171},"52":{"loc":{"start":{"line":171,"column":12},"end":{"line":171,"column":56}},"type":"binary-expr","locations":[{"start":{"line":171,"column":12},"end":{"line":171,"column":36}},{"start":{"line":171,"column":40},"end":{"line":171,"column":56}}],"line":171},"53":{"loc":{"start":{"line":178,"column":4},"end":{"line":208,"column":5}},"type":"if","locations":[{"start":{"line":178,"column":4},"end":{"line":208,"column":5}},{"start":{"line":178,"column":4},"end":{"line":208,"column":5}}],"line":178},"54":{"loc":{"start":{"line":179,"column":8},"end":{"line":182,"column":9}},"type":"if","locations":[{"start":{"line":179,"column":8},"end":{"line":182,"column":9}},{"start":{"line":179,"column":8},"end":{"line":182,"column":9}}],"line":179},"55":{"loc":{"start":{"line":184,"column":8},"end":{"line":194,"column":9}},"type":"if","locations":[{"start":{"line":184,"column":8},"end":{"line":194,"column":9}},{"start":{"line":184,"column":8},"end":{"line":194,"column":9}}],"line":184},"56":{"loc":{"start":{"line":185,"column":12},"end":{"line":185,"column":148}},"type":"if","locations":[{"start":{"line":185,"column":12},"end":{"line":185,"column":148}},{"start":{"line":185,"column":12},"end":{"line":185,"column":148}}],"line":185},"57":{"loc":{"start":{"line":185,"column":16},"end":{"line":185,"column":70}},"type":"binary-expr","locations":[{"start":{"line":185,"column":16},"end":{"line":185,"column":40}},{"start":{"line":185,"column":44},"end":{"line":185,"column":70}}],"line":185},"58":{"loc":{"start":{"line":190,"column":13},"end":{"line":194,"column":9}},"type":"if","locations":[{"start":{"line":190,"column":13},"end":{"line":194,"column":9}},{"start":{"line":190,"column":13},"end":{"line":194,"column":9}}],"line":190},"59":{"loc":{"start":{"line":191,"column":12},"end":{"line":191,"column":98}},"type":"if","locations":[{"start":{"line":191,"column":12},"end":{"line":191,"column":98}},{"start":{"line":191,"column":12},"end":{"line":191,"column":98}}],"line":191},"60":{"loc":{"start":{"line":199,"column":12},"end":{"line":200,"column":47}},"type":"if","locations":[{"start":{"line":199,"column":12},"end":{"line":200,"column":47}},{"start":{"line":199,"column":12},"end":{"line":200,"column":47}}],"line":199},"61":{"loc":{"start":{"line":203,"column":8},"end":{"line":203,"column":120}},"type":"if","locations":[{"start":{"line":203,"column":8},"end":{"line":203,"column":120}},{"start":{"line":203,"column":8},"end":{"line":203,"column":120}}],"line":203},"62":{"loc":{"start":{"line":215,"column":4},"end":{"line":215,"column":71}},"type":"if","locations":[{"start":{"line":215,"column":4},"end":{"line":215,"column":71}},{"start":{"line":215,"column":4},"end":{"line":215,"column":71}}],"line":215},"63":{"loc":{"start":{"line":221,"column":4},"end":{"line":224,"column":5}},"type":"if","locations":[{"start":{"line":221,"column":4},"end":{"line":224,"column":5}},{"start":{"line":221,"column":4},"end":{"line":224,"column":5}}],"line":221},"64":{"loc":{"start":{"line":225,"column":4},"end":{"line":225,"column":127}},"type":"if","locations":[{"start":{"line":225,"column":4},"end":{"line":225,"column":127}},{"start":{"line":225,"column":4},"end":{"line":225,"column":127}}],"line":225},"65":{"loc":{"start":{"line":235,"column":4},"end":{"line":238,"column":5}},"type":"if","locations":[{"start":{"line":235,"column":4},"end":{"line":238,"column":5}},{"start":{"line":235,"column":4},"end":{"line":238,"column":5}}],"line":235},"66":{"loc":{"start":{"line":239,"column":4},"end":{"line":242,"column":5}},"type":"if","locations":[{"start":{"line":239,"column":4},"end":{"line":242,"column":5}},{"start":{"line":239,"column":4},"end":{"line":242,"column":5}}],"line":239},"67":{"loc":{"start":{"line":244,"column":4},"end":{"line":252,"column":5}},"type":"if","locations":[{"start":{"line":244,"column":4},"end":{"line":252,"column":5}},{"start":{"line":244,"column":4},"end":{"line":252,"column":5}}],"line":244},"68":{"loc":{"start":{"line":248,"column":8},"end":{"line":250,"column":9}},"type":"if","locations":[{"start":{"line":248,"column":8},"end":{"line":250,"column":9}},{"start":{"line":248,"column":8},"end":{"line":250,"column":9}}],"line":248},"69":{"loc":{"start":{"line":253,"column":4},"end":{"line":253,"column":29}},"type":"if","locations":[{"start":{"line":253,"column":4},"end":{"line":253,"column":29}},{"start":{"line":253,"column":4},"end":{"line":253,"column":29}}],"line":253},"70":{"loc":{"start":{"line":257,"column":4},"end":{"line":257,"column":83}},"type":"if","locations":[{"start":{"line":257,"column":4},"end":{"line":257,"column":83}},{"start":{"line":257,"column":4},"end":{"line":257,"column":83}}],"line":257}},"s":{"0":1,"1":0,"2":0,"3":0,"4":0,"5":0,"6":0,"7":0,"8":0,"9":0,"10":0,"11":0,"12":0,"13":0,"14":0,"15":0,"16":0,"17":0,"18":0,"19":0,"20":0,"21":0,"22":0,"23":0,"24":0,"25":0,"26":1,"27":0,"28":0,"29":0,"30":0,"31":0,"32":0,"33":0,"34":0,"35":0,"36":0,"37":0,"38":0,"39":0,"40":0,"41":0,"42":0,"43":0,"44":0,"45":0,"46":0,"47":0,"48":0,"49":0,"50":0,"51":0,"52":0,"53":0,"54":0,"55":0,"56":0,"57":0,"58":0,"59":0,"60":0,"61":0,"62":0,"63":0,"64":0,"65":0,"66":0,"67":0,"68":0,"69":0,"70":0,"71":0,"72":0,"73":0,"74":0,"75":0,"76":0,"77":0,"78":0,"79":0,"80":0,"81":0,"82":0,"83":0,"84":0,"85":0,"86":0,"87":0,"88":0,"89":1,"90":0,"91":0,"92":0,"93":0,"94":0,"95":0,"96":0,"97":0,"98":0,"99":0,"100":0,"101":0,"102":0,"103":0,"104":0,"105":0,"106":0,"107":0,"108":0,"109":0,"110":0,"111":0,"112":0,"113":0,"114":0,"115":0,"116":0,"117":0,"118":0,"119":0,"120":0,"121":0,"122":0,"123":0,"124":0,"125":0,"126":0,"127":0,"128":0,"129":0,"130":0,"131":0,"132":0,"133":0,"134":0,"135":0,"136":0,"137":1,"138":0,"139":0,"140":0,"141":0,"142":0,"143":0,"144":0,"145":0,"146":0,"147":0,"148":0,"149":0,"150":0,"151":0,"152":0,"153":0,"154":0,"155":0,"156":0,"157":0,"158":0,"159":0,"160":0,"161":0,"162":0,"163":1,"164":0,"165":0,"166":0,"167":0,"168":0,"169":0,"170":0,"171":0,"172":0,"173":0,"174":0,"175":0,"176":0,"177":0,"178":0,"179":0,"180":1,"181":0,"182":0,"183":0,"184":0,"185":0,"186":0,"187":0,"188":0,"189":0,"190":0,"191":0,"192":0,"193":0,"194":0,"195":0,"196":0,"197":0,"198":0,"199":1,"200":0,"201":0,"202":0,"203":1},"f":{"0":0,"1":0,"2":0,"3":0,"4":0,"5":0,"6":0,"7":0,"8":0,"9":0,"10":0,"11":0,"12":0,"13":0,"14":0,"15":0},"b":{"0":[0,0],"1":[0,0],"2":[0,0],"3":[0,0],"4":[0,0],"5":[0,0],"6":[0,0],"7":[0,0],"8":[0,0],"9":[0,0],"10":[0,0],"11":[0,0],"12":[0,0],"13":[0,0],"14":[0,0],"15":[0,0],"16":[0,0],"17":[0,0],"18":[0,0],"19":[0,0],"20":[0,0],"21":[0,0],"22":[0,0],"23":[0,0],"24":[0,0],"25":[0,0],"26":[0,0],"27":[0,0],"28":[0,0],"29":[0,0],"30":[0,0],"31":[0,0],"32":[0,0],"33":[0,0],"34":[0,0],"35":[0,0],"36":[0,0],"37":[0,0],"38":[0,0],"39":[0,0],"40":[0,0],"41":[0,0],"42":[0,0],"43":[0,0],"44":[0,0],"45":[0,0],"46":[0,0],"47":[0,0],"48":[0,0],"49":[0,0],"50":[0,0],"51":[0,0],"52":[0,0],"53":[0,0],"54":[0,0],"55":[0,0],"56":[0,0],"57":[0,0],"58":[0,0],"59":[0,0],"60":[0,0],"61":[0,0],"62":[0,0],"63":[0,0],"64":[0,0],"65":[0,0],"66":[0,0],"67":[0,0],"68":[0,0],"69":[0,0],"70":[0,0]},"_coverageSchema":"1a1c01bbd47fc00a2c39e90264f33305004495a9","hash":"baba3d9e152dea773b801e108ac5ff8c67fcec59","contentHash":"a63d32b6d3cc625351c5106176d0b2f6e9e76d300204e68c2547337b167fb3fd"}}