TN:
SF:index.js
FN:22,init
FNF:1
FNH:1
FNDA:38,init
DA:7,1
DA:8,1
DA:9,1
DA:10,1
DA:12,1
DA:13,1
DA:14,1
DA:15,1
DA:16,1
DA:17,1
DA:19,1
DA:20,1
DA:23,38
DA:24,38
DA:26,38
DA:27,8
DA:29,38
DA:30,0
DA:34,38
DA:36,20
DA:37,20
DA:39,2
DA:40,2
DA:42,16
DA:43,16
DA:45,0
DA:49,38
DA:51,4
DA:52,4
DA:54,5
DA:55,5
DA:57,13
DA:58,13
DA:60,12
DA:61,12
DA:63,4
DA:64,4
DA:66,0
DA:67,0
DA:69,0
DA:72,38
DA:74,38
DA:77,1
LF:43
LH:38
BRDA:23,0,0,38
BRDA:23,0,1,0
BRDA:23,1,0,38
BRDA:23,1,1,0
BRDA:26,2,0,8
BRDA:26,2,1,30
BRDA:29,3,0,0
BRDA:29,3,1,38
BRDA:34,4,0,20
BRDA:34,4,1,2
BRDA:34,4,2,16
BRDA:34,4,3,0
BRDA:49,5,0,4
BRDA:49,5,1,5
BRDA:49,5,2,13
BRDA:49,5,3,12
BRDA:49,5,4,4
BRDA:49,5,5,0
BRDA:49,5,6,0
BRF:19
BRH:13
end_of_record
TN:
SF:lib/ObisMeasurement.js
FN:9,ObisMeasurement
FN:82,idToString
FN:104,valueToString
FN:114,setMedium
FN:118,getMedium
FN:122,setChannel
FN:126,getChannel
FN:130,setMeasurement
FN:144,getMeasurement
FN:148,setMeasureType
FN:162,getMeasureType
FN:166,setTariffRate
FN:170,getTariffRate
FN:174,setPreviousMeasurement
FN:178,getPreviousMeasurement
FN:182,setRawValue
FN:186,getRawValue
FN:190,addValue
FN:232,getValues
FN:236,getValueLength
FN:240,getValue
FNF:21
FNH:20
FNDA:3214,ObisMeasurement
FNDA:9870,idToString
FNDA:2141,valueToString
FNDA:1033,setMedium
FNDA:1,getMedium
FNDA:1033,setChannel
FNDA:1,getChannel
FNDA:3208,setMeasurement
FNDA:1,getMeasurement
FNDA:3165,setMeasureType
FNDA:1,getMeasureType
FNDA:1887,setTariffRate
FNDA:1,getTariffRate
FNDA:1643,setPreviousMeasurement
FNDA:1,getPreviousMeasurement
FNDA:2916,setRawValue
FNDA:1,getRawValue
FNDA:3830,addValue
FNDA:0,getValues
FNDA:1,getValueLength
FNDA:2,getValue
DA:7,1
DA:10,3214
DA:11,3214
DA:12,3214
DA:13,3214
DA:14,3214
DA:15,3214
DA:17,3214
DA:18,3214
DA:21,3214
DA:22,3012
DA:23,1872
DA:24,1872
DA:25,1872
DA:27,3012
DA:29,3012
DA:30,764
DA:31,764
DA:32,764
DA:33,764
DA:34,764
DA:35,764
DA:37,2248
DA:38,71
DA:41,2177
DA:42,2177
DA:43,2175
DA:44,2175
DA:45,2175
DA:46,2175
DA:47,2175
DA:50,2
DA:53,3010
DA:54,1867
DA:57,3212
DA:58,269
DA:59,269
DA:60,268
DA:61,268
DA:62,268
DA:63,268
DA:64,268
DA:65,268
DA:68,1
DA:72,0
DA:82,1
DA:83,9870
DA:84,9870
DA:86,9870
DA:87,9870
DA:88,7478
DA:90,9870
DA:91,9870
DA:92,9870
DA:93,9870
DA:94,9683
DA:95,9683
DA:96,5106
DA:99,9870
DA:101,9870
DA:104,1
DA:105,2141
DA:106,2141
DA:107,2585
DA:108,2585
DA:109,2585
DA:111,2141
DA:114,1
DA:115,1033
DA:118,1
DA:119,1
DA:122,1
DA:123,1033
DA:126,1
DA:127,1
DA:130,1
DA:131,3208
DA:132,38
DA:133,38
DA:134,52
DA:135,52
DA:136,0
DA:137,0
DA:138,0
DA:139,0
DA:141,3208
DA:144,1
DA:145,1
DA:148,1
DA:149,3165
DA:150,0
DA:151,0
DA:152,9
DA:153,9
DA:154,0
DA:155,0
DA:156,0
DA:157,0
DA:159,3165
DA:162,1
DA:163,1
DA:166,1
DA:167,1887
DA:170,1
DA:171,1
DA:174,1
DA:175,1643
DA:178,1
DA:179,1
DA:182,1
DA:183,2916
DA:186,1
DA:187,1
DA:190,1
DA:191,3830
DA:192,2354
DA:193,2354
DA:194,616
DA:197,1476
DA:198,86
DA:199,86
DA:200,144
DA:201,57
DA:202,57
DA:205,86
DA:206,57
DA:208,3830
DA:209,3714
DA:210,3714
DA:211,1
DA:214,3830
DA:215,85
DA:217,3830
DA:218,87
DA:219,87
DA:220,87
DA:222,3743
DA:223,115
DA:224,29
DA:226,115
DA:229,3830
DA:232,1
DA:233,0
DA:236,1
DA:237,1
DA:240,1
DA:241,2
DA:242,0
DA:245,1
LF:149
LH:136
BRDA:21,0,0,3012
BRDA:21,0,1,202
BRDA:21,1,0,3214
BRDA:21,1,1,3013
BRDA:22,2,0,1872
BRDA:22,2,1,1140
BRDA:29,3,0,764
BRDA:29,3,1,2248
BRDA:29,4,0,3012
BRDA:29,4,1,764
BRDA:30,5,0,764
BRDA:30,5,1,0
BRDA:31,6,0,764
BRDA:31,6,1,0
BRDA:32,7,0,764
BRDA:32,7,1,0
BRDA:33,8,0,764
BRDA:33,8,1,0
BRDA:34,9,0,763
BRDA:34,9,1,1
BRDA:35,10,0,695
BRDA:35,10,1,69
BRDA:37,11,0,71
BRDA:37,11,1,2177
BRDA:42,12,0,2175
BRDA:42,12,1,2
BRDA:42,13,0,2177
BRDA:42,13,1,2175
BRDA:44,14,0,2175
BRDA:44,14,1,0
BRDA:45,15,0,2132
BRDA:45,15,1,43
BRDA:46,16,0,855
BRDA:46,16,1,1320
BRDA:47,17,0,679
BRDA:47,17,1,1496
BRDA:53,18,0,1867
BRDA:53,18,1,1143
BRDA:53,19,0,3010
BRDA:53,19,1,1872
BRDA:57,20,0,269
BRDA:57,20,1,2943
BRDA:57,21,0,3212
BRDA:57,21,1,269
BRDA:58,22,0,269
BRDA:58,22,1,0
BRDA:58,23,0,269
BRDA:58,23,1,0
BRDA:59,24,0,268
BRDA:59,24,1,1
BRDA:83,25,0,9870
BRDA:83,25,1,4538
BRDA:84,26,0,9870
BRDA:84,26,1,4538
BRDA:84,26,2,2396
BRDA:87,27,0,7478
BRDA:87,27,1,2392
BRDA:87,28,0,9870
BRDA:87,28,1,2396
BRDA:87,28,2,7784
BRDA:88,29,0,5691
BRDA:88,29,1,1787
BRDA:90,30,0,9870
BRDA:90,30,1,0
BRDA:91,31,0,7478
BRDA:91,31,1,2392
BRDA:93,32,0,9683
BRDA:93,32,1,187
BRDA:95,33,0,5106
BRDA:95,33,1,4577
BRDA:99,34,0,3333
BRDA:99,34,1,6537
BRDA:99,35,0,9870
BRDA:99,35,1,7474
BRDA:108,36,0,826
BRDA:108,36,1,1759
BRDA:131,37,0,38
BRDA:131,37,1,52
BRDA:131,37,2,0
BRDA:131,37,3,0
BRDA:149,38,0,0
BRDA:149,38,1,9
BRDA:149,38,2,0
BRDA:149,38,3,0
BRDA:191,39,0,2354
BRDA:191,39,1,1476
BRDA:193,40,0,616
BRDA:193,40,1,1738
BRDA:197,41,0,86
BRDA:197,41,1,1390
BRDA:197,42,0,1476
BRDA:197,42,1,1390
BRDA:200,43,0,57
BRDA:200,43,1,87
BRDA:200,44,0,144
BRDA:200,44,1,115
BRDA:205,45,0,29
BRDA:205,45,1,57
BRDA:208,46,0,3714
BRDA:208,46,1,116
BRDA:210,47,0,1
BRDA:210,47,1,3713
BRDA:214,48,0,85
BRDA:214,48,1,3745
BRDA:214,49,0,3830
BRDA:214,49,1,117
BRDA:214,49,2,3830
BRDA:217,50,0,87
BRDA:217,50,1,3743
BRDA:217,51,0,3830
BRDA:217,51,1,87
BRDA:222,52,0,115
BRDA:222,52,1,3628
BRDA:223,53,0,29
BRDA:223,53,1,86
BRDA:241,54,0,2
BRDA:241,54,1,0
BRF:117
BRH:103
end_of_record
TN:
SF:lib/ObisNames.js
FN:754,resolveData
FN:762,resolveDetailData
FN:771,resolveMediumName
FN:775,resolveChannelName
FN:779,resolveMeasurementName
FN:783,resolveMeasurementTypeName
FN:787,resolveTariffRateName
FN:791,resolvePreviousMeasurementName
FN:795,resolveCustomName
FN:800,resolveObisName
FNF:10
FNH:10
FNDA:13099,resolveData
FNDA:4282,resolveDetailData
FNDA:2141,resolveMediumName
FNDA:2141,resolveChannelName
FNDA:2141,resolveMeasurementName
FNDA:2141,resolveMeasurementTypeName
FNDA:2141,resolveTariffRateName
FNDA:2141,resolvePreviousMeasurementName
FNDA:4535,resolveCustomName
FNDA:2141,resolveObisName
DA:7,1
DA:36,1
DA:83,1
DA:406,1
DA:608,1
DA:625,1
DA:650,1
DA:756,13099
DA:757,7489
DA:758,7488
DA:759,7488
DA:764,4282
DA:765,3646
DA:766,3646
DA:767,3646
DA:772,2141
DA:776,2141
DA:780,2141
DA:784,2141
DA:788,2141
DA:792,2141
DA:797,4535
DA:801,2141
DA:802,2141
DA:803,2141
DA:804,2141
DA:805,2141
DA:806,2141
DA:807,2141
DA:808,2141
DA:809,2141
DA:810,2141
DA:811,56
DA:814,2085
DA:815,2085
DA:816,1776
DA:819,309
DA:820,309
DA:821,43
DA:825,2141
DA:826,1875
DA:827,1875
DA:828,577
DA:832,266
DA:833,266
DA:834,266
DA:835,266
DA:836,266
DA:837,266
DA:838,266
DA:840,2141
DA:842,2141
DA:845,1
LF:53
LH:53
BRDA:756,0,0,5610
BRDA:756,0,1,7489
BRDA:757,1,0,1
BRDA:757,1,1,7488
BRDA:757,2,0,7489
BRDA:757,2,1,6
BRDA:758,3,0,0
BRDA:758,3,1,7488
BRDA:758,4,0,7488
BRDA:758,4,1,7483
BRDA:764,5,0,636
BRDA:764,5,1,3646
BRDA:764,6,0,4282
BRDA:764,6,1,4145
BRDA:764,6,2,4145
BRDA:765,7,0,0
BRDA:765,7,1,3646
BRDA:765,8,0,3646
BRDA:765,8,1,0
BRDA:765,8,2,0
BRDA:765,8,3,0
BRDA:766,9,0,0
BRDA:766,9,1,3646
BRDA:766,10,0,3646
BRDA:766,10,1,3646
BRDA:766,10,2,3509
BRDA:766,10,3,3509
BRDA:810,11,0,56
BRDA:810,11,1,2085
BRDA:815,12,0,1776
BRDA:815,12,1,309
BRDA:820,13,0,43
BRDA:820,13,1,266
BRDA:825,14,0,1875
BRDA:825,14,1,266
BRDA:827,15,0,577
BRDA:827,15,1,1298
BRDA:827,16,0,1875
BRDA:827,16,1,1819
BRDA:833,17,0,219
BRDA:833,17,1,47
BRDA:835,18,0,264
BRDA:835,18,1,2
BRDA:836,19,0,212
BRDA:836,19,1,54
BRDA:837,20,0,212
BRDA:837,20,1,54
BRF:47
BRH:41
end_of_record
TN:
SF:lib/protocols/D0Protocol.js
FN:21,D0Protocol
FN:42,setTransportResetCallback
FN:46,initState
FN:55,checkMessageAFterBufferOverrun
FN:59,isProcessComplete
FN:64,anotherQueryAvailable
FN:69,messagesToSend
FN:82,getNextMessage
FN:115,(anonymous_8)
FN:128,checkMessage
FN:153,handleMessage
FN:209,callUserCallback
FN:224,prepareResult
FN:304,handleSignOnResponseMessage
FN:391,generateAckMessage
FNF:15
FNH:15
FNDA:21,D0Protocol
FNDA:20,setTransportResetCallback
FNDA:102,initState
FNDA:1,checkMessageAFterBufferOverrun
FNDA:209,isProcessComplete
FNDA:79,anotherQueryAvailable
FNDA:94,messagesToSend
FNDA:142,getNextMessage
FNDA:38,(anonymous_8)
FNDA:109,checkMessage
FNDA:107,handleMessage
FNDA:4,callUserCallback
FNDA:54,prepareResult
FNDA:54,handleSignOnResponseMessage
FNDA:10,generateAckMessage
DA:7,1
DA:9,1
DA:10,1
DA:11,1
DA:22,21
DA:23,21
DA:25,21
DA:27,21
DA:28,21
DA:29,21
DA:30,21
DA:31,21
DA:32,21
DA:34,21
DA:35,21
DA:36,21
DA:38,21
DA:39,21
DA:42,1
DA:43,20
DA:46,1
DA:48,102
DA:49,102
DA:50,102
DA:51,102
DA:52,102
DA:55,1
DA:56,1
DA:59,1
DA:60,209
DA:61,209
DA:64,1
DA:65,79
DA:66,79
DA:69,1
DA:70,94
DA:71,49
DA:72,49
DA:73,12
DA:74,0
DA:76,37
DA:77,37
DA:79,2
DA:82,1
DA:83,142
DA:84,142
DA:85,142
DA:86,45
DA:87,1720
DA:88,45
DA:89,45
DA:91,97
DA:92,45
DA:93,45
DA:94,45
DA:96,45
DA:97,45
DA:98,45
DA:99,45
DA:101,52
DA:102,10
DA:103,10
DA:104,10
DA:106,42
DA:107,42
DA:108,38
DA:109,0
DA:110,0
DA:111,0
DA:113,38
DA:114,38
DA:115,38
DA:116,38
DA:117,38
DA:118,0
DA:120,38
DA:122,38
DA:125,4
DA:128,1
DA:129,109
DA:130,109
DA:132,109
DA:133,54
DA:134,54
DA:135,54
DA:136,54
DA:137,12
DA:138,12
DA:140,54
DA:142,0
DA:144,55
DA:145,55
DA:146,55
DA:147,55
DA:148,55
DA:150,0
DA:153,1
DA:154,107
DA:155,107
DA:157,107
DA:158,54
DA:159,54
DA:160,0
DA:161,0
DA:164,54
DA:165,54
DA:166,42
DA:167,54
DA:168,54
DA:169,54
DA:172,53
DA:173,53
DA:174,53
DA:175,0
DA:176,0
DA:178,53
DA:179,2
DA:180,2
DA:181,0
DA:182,0
DA:186,53
DA:187,53
DA:188,53
DA:189,0
DA:190,0
DA:191,0
DA:195,53
DA:196,53
DA:197,53
DA:199,53
DA:200,53
DA:201,53
DA:206,0
DA:209,1
DA:210,4
DA:211,4
DA:213,4
DA:214,4
DA:215,4
DA:216,4
DA:219,0
DA:220,0
DA:224,1
DA:225,54
DA:227,54
DA:228,54
DA:229,54
DA:230,54
DA:231,3105
DA:232,3065
DA:234,3065
DA:236,3065
DA:237,3051
DA:238,3051
DA:239,136
DA:242,2915
DA:243,2861
DA:244,2861
DA:246,2861
DA:247,2861
DA:249,2915
DA:250,2915
DA:253,1
DA:254,1
DA:255,1
DA:256,1
DA:257,1
DA:260,0
DA:261,0
DA:262,0
DA:266,0
DA:267,0
DA:268,0
DA:271,2915
DA:274,3051
DA:275,42
DA:278,3051
DA:279,2
DA:282,3049
DA:284,3051
DA:285,3557
DA:286,3557
DA:287,2332
DA:290,1225
DA:291,344
DA:293,3557
DA:297,54
DA:298,54
DA:299,54
DA:301,54
DA:304,1
DA:305,54
DA:306,54
DA:307,54
DA:309,0
DA:310,0
DA:311,0
DA:313,0
DA:314,0
DA:315,0
DA:317,30
DA:318,30
DA:319,30
DA:321,0
DA:322,0
DA:323,0
DA:325,0
DA:326,0
DA:327,0
DA:329,0
DA:330,0
DA:331,0
DA:333,2
DA:334,2
DA:335,2
DA:337,0
DA:338,0
DA:339,0
DA:341,0
DA:342,0
DA:343,0
DA:345,6
DA:346,6
DA:347,6
DA:349,0
DA:350,0
DA:351,0
DA:353,11
DA:354,11
DA:355,11
DA:357,0
DA:358,0
DA:359,0
DA:361,5
DA:362,5
DA:365,54
DA:366,6
DA:367,6
DA:370,0
DA:371,0
DA:373,6
DA:374,6
DA:375,6
DA:378,48
DA:381,54
DA:382,3
DA:383,3
DA:385,54
DA:386,0
DA:387,0
DA:391,1
DA:392,10
DA:393,10
DA:395,10
DA:396,2
DA:397,2
DA:398,0
DA:399,0
DA:400,0
DA:401,0
DA:402,2
DA:403,2
DA:404,0
DA:405,0
DA:406,6
DA:407,6
DA:408,0
DA:409,0
DA:410,0
DA:411,0
DA:414,10
DA:415,10
DA:416,10
DA:420,1
LF:274
LH:208
BRDA:34,0,0,6
BRDA:34,0,1,15
BRDA:35,1,0,20
BRDA:35,1,1,1
BRDA:36,2,0,9
BRDA:36,2,1,12
BRDA:60,3,0,157
BRDA:60,3,1,52
BRDA:65,4,0,65
BRDA:65,4,1,14
BRDA:70,5,0,45
BRDA:70,5,1,49
BRDA:71,6,0,0
BRDA:71,6,1,49
BRDA:72,7,0,12
BRDA:72,7,1,37
BRDA:73,8,0,12
BRDA:73,8,1,0
BRDA:73,9,0,12
BRDA:73,9,1,6
BRDA:76,10,0,37
BRDA:76,10,1,0
BRDA:77,11,0,35
BRDA:77,11,1,2
BRDA:83,12,0,112
BRDA:83,12,1,30
BRDA:85,13,0,45
BRDA:85,13,1,97
BRDA:91,14,0,45
BRDA:91,14,1,52
BRDA:93,15,0,30
BRDA:93,15,1,15
BRDA:96,16,0,39
BRDA:96,16,1,6
BRDA:101,17,0,10
BRDA:101,17,1,42
BRDA:106,18,0,42
BRDA:106,18,1,0
BRDA:107,19,0,38
BRDA:107,19,1,4
BRDA:107,20,0,42
BRDA:107,20,1,40
BRDA:108,21,0,0
BRDA:108,21,1,38
BRDA:108,22,0,38
BRDA:108,22,1,38
BRDA:113,23,0,34
BRDA:113,23,1,4
BRDA:116,24,0,34
BRDA:116,24,1,4
BRDA:117,25,0,0
BRDA:117,25,1,38
BRDA:129,26,0,79
BRDA:129,26,1,30
BRDA:132,27,0,54
BRDA:132,27,1,55
BRDA:132,28,0,109
BRDA:132,28,1,67
BRDA:134,29,0,40
BRDA:134,29,1,14
BRDA:135,30,0,54
BRDA:135,30,1,0
BRDA:135,31,0,54
BRDA:135,31,1,54
BRDA:136,32,0,12
BRDA:136,32,1,42
BRDA:144,33,0,55
BRDA:144,33,1,0
BRDA:146,34,0,39
BRDA:146,34,1,16
BRDA:147,35,0,2
BRDA:147,35,1,53
BRDA:148,36,0,55
BRDA:148,36,1,53
BRDA:154,37,0,79
BRDA:154,37,1,28
BRDA:157,38,0,54
BRDA:157,38,1,53
BRDA:159,39,0,0
BRDA:159,39,1,54
BRDA:159,40,0,54
BRDA:159,40,1,54
BRDA:165,41,0,12
BRDA:165,41,1,42
BRDA:165,42,0,54
BRDA:165,42,1,48
BRDA:168,43,0,54
BRDA:168,43,1,0
BRDA:172,44,0,53
BRDA:172,44,1,0
BRDA:174,45,0,0
BRDA:174,45,1,53
BRDA:174,46,0,53
BRDA:174,46,1,53
BRDA:178,47,0,2
BRDA:178,47,1,51
BRDA:180,48,0,0
BRDA:180,48,1,2
BRDA:180,49,0,2
BRDA:180,49,1,2
BRDA:188,50,0,0
BRDA:188,50,1,53
BRDA:190,51,0,0
BRDA:190,51,1,0
BRDA:195,52,0,39
BRDA:195,52,1,14
BRDA:196,53,0,53
BRDA:196,53,1,0
BRDA:200,54,0,53
BRDA:200,54,1,0
BRDA:210,55,0,4
BRDA:210,55,1,0
BRDA:211,56,0,4
BRDA:211,56,1,0
BRDA:213,57,0,4
BRDA:213,57,1,0
BRDA:215,58,0,4
BRDA:215,58,1,0
BRDA:216,59,0,3
BRDA:216,59,1,1
BRDA:219,60,0,0
BRDA:219,60,1,0
BRDA:231,61,0,40
BRDA:231,61,1,3065
BRDA:231,62,0,3105
BRDA:231,62,1,3105
BRDA:236,63,0,3051
BRDA:236,63,1,14
BRDA:238,64,0,136
BRDA:238,64,1,2915
BRDA:238,65,0,3051
BRDA:238,65,1,2997
BRDA:242,66,0,2861
BRDA:242,66,1,54
BRDA:254,67,0,1
BRDA:254,67,1,0
BRDA:274,68,0,42
BRDA:274,68,1,3009
BRDA:278,69,0,2
BRDA:278,69,1,3049
BRDA:286,70,0,2332
BRDA:286,70,1,1225
BRDA:290,71,0,881
BRDA:290,71,1,344
BRDA:297,72,0,54
BRDA:297,72,1,0
BRDA:305,73,0,54
BRDA:305,73,1,0
BRDA:307,74,0,0
BRDA:307,74,1,0
BRDA:307,74,2,30
BRDA:307,74,3,0
BRDA:307,74,4,0
BRDA:307,74,5,0
BRDA:307,74,6,2
BRDA:307,74,7,0
BRDA:307,74,8,0
BRDA:307,74,9,6
BRDA:307,74,10,0
BRDA:307,74,11,11
BRDA:307,74,12,0
BRDA:307,74,13,5
BRDA:345,75,0,2
BRDA:345,75,1,4
BRDA:365,76,0,6
BRDA:365,76,1,48
BRDA:366,77,0,6
BRDA:366,77,1,0
BRDA:375,78,0,2
BRDA:375,78,1,4
BRDA:381,79,0,3
BRDA:381,79,1,51
BRDA:382,80,0,1
BRDA:382,80,1,2
BRDA:385,81,0,0
BRDA:385,81,1,54
BRDA:385,82,0,54
BRDA:385,82,1,47
BRDA:386,83,0,0
BRDA:386,83,1,0
BRDA:395,84,0,2
BRDA:395,84,1,0
BRDA:395,84,2,0
BRDA:395,84,3,2
BRDA:395,84,4,0
BRDA:395,84,5,6
BRDA:395,84,6,0
BRDA:395,84,7,0
BRF:188
BRH:143
end_of_record
TN:
SF:lib/protocols/JsonEfrProtocol.js
FN:10,JsonEfrProtocol
FN:15,setTransportResetCallback
FN:19,checkMessageAFterBufferOverrun
FN:23,initState
FN:27,isProcessComplete
FN:31,anotherQueryAvailable
FN:35,messagesToSend
FN:39,getNextMessage
FN:44,checkMessage
FN:55,handleMessage
FN:69,callUserCallback
FN:84,prepareResult
FNF:12
FNH:8
FNDA:2,JsonEfrProtocol
FNDA:2,setTransportResetCallback
FNDA:0,checkMessageAFterBufferOverrun
FNDA:4,initState
FNDA:5,isProcessComplete
FNDA:0,anotherQueryAvailable
FNDA:0,messagesToSend
FNDA:0,getNextMessage
FNDA:4,checkMessage
FNDA:3,handleMessage
FNDA:2,callUserCallback
FNDA:3,prepareResult
DA:7,1
DA:11,2
DA:12,2
DA:15,1
DA:16,2
DA:19,1
DA:20,0
DA:23,1
DA:27,1
DA:28,5
DA:31,1
DA:32,0
DA:35,1
DA:36,0
DA:39,1
DA:40,0
DA:41,0
DA:44,1
DA:45,4
DA:46,4
DA:47,4
DA:49,1
DA:50,1
DA:52,3
DA:55,1
DA:56,3
DA:57,3
DA:59,3
DA:60,3
DA:61,3
DA:62,3
DA:66,3
DA:69,1
DA:70,2
DA:71,2
DA:73,2
DA:74,2
DA:75,2
DA:76,2
DA:79,0
DA:80,0
DA:84,1
DA:85,3
DA:87,3
DA:88,6
DA:89,70
DA:90,70
DA:91,70
DA:92,70
DA:94,0
DA:98,3
DA:101,1
LF:52
LH:44
BRDA:59,0,0,3
BRDA:59,0,1,0
BRDA:60,1,0,3
BRDA:60,1,1,0
BRDA:61,2,0,1
BRDA:61,2,1,2
BRDA:70,3,0,2
BRDA:70,3,1,0
BRDA:71,4,0,2
BRDA:71,4,1,0
BRDA:73,5,0,2
BRDA:73,5,1,0
BRDA:75,6,0,2
BRDA:75,6,1,0
BRDA:76,7,0,2
BRDA:76,7,1,0
BRDA:79,8,0,0
BRDA:79,8,1,0
BRDA:91,9,0,52
BRDA:91,9,1,18
BRDA:94,10,0,0
BRDA:94,10,1,0
BRF:22
BRH:11
end_of_record
TN:
SF:lib/protocols/SmlProtocol.js
FN:14,SmlProtocol
FN:19,convertMessageBufferToHex
FN:32,setTransportResetCallback
FN:36,checkMessageAFterBufferOverrun
FN:40,initState
FN:44,isProcessComplete
FN:48,anotherQueryAvailable
FN:52,messagesToSend
FN:56,getNextMessage
FN:61,checkMessage
FN:68,handleMessage
FN:147,callUserCallback
FN:162,prepareResult
FNF:13
FNH:10
FNDA:16,SmlProtocol
FNDA:69,convertMessageBufferToHex
FNDA:16,setTransportResetCallback
FNDA:1,checkMessageAFterBufferOverrun
FNDA:34,initState
FNDA:55,isProcessComplete
FNDA:0,anotherQueryAvailable
FNDA:0,messagesToSend
FNDA:0,getNextMessage
FNDA:39,checkMessage
FNDA:30,handleMessage
FNDA:5,callUserCallback
FNDA:28,prepareResult
DA:7,1
DA:8,1
DA:12,1
DA:15,16
DA:16,16
DA:19,1
DA:20,69
DA:22,4
DA:24,0
DA:26,0
DA:28,65
DA:32,1
DA:33,16
DA:36,1
DA:37,1
DA:40,1
DA:44,1
DA:45,55
DA:48,1
DA:49,0
DA:52,1
DA:53,0
DA:56,1
DA:57,0
DA:58,0
DA:61,1
DA:62,39
DA:63,39
DA:64,39
DA:65,39
DA:68,1
DA:69,30
DA:70,30
DA:71,30
DA:72,0
DA:73,0
DA:76,30
DA:78,30
DA:79,30
DA:80,30
DA:81,30
DA:84,2
DA:85,2
DA:86,2
DA:87,2
DA:89,0
DA:92,28
DA:94,28
DA:95,28
DA:96,28
DA:97,28
DA:98,84
DA:99,28
DA:100,28
DA:101,28
DA:102,28
DA:103,28
DA:107,56
DA:108,0
DA:109,0
DA:110,0
DA:111,0
DA:112,0
DA:118,28
DA:119,0
DA:120,0
DA:121,0
DA:122,0
DA:123,0
DA:125,0
DA:129,28
DA:130,0
DA:133,28
DA:134,28
DA:135,28
DA:137,28
DA:138,28
DA:139,28
DA:143,0
DA:144,0
DA:147,1
DA:148,5
DA:149,5
DA:151,5
DA:152,5
DA:153,5
DA:154,5
DA:157,0
DA:158,0
DA:162,1
DA:163,28
DA:164,28
DA:165,196
DA:166,196
DA:167,196
DA:168,196
DA:169,196
DA:170,196
DA:171,112
DA:173,196
DA:174,196
DA:176,0
DA:179,28
DA:182,1
LF:104
LH:78
BRDA:20,0,0,4
BRDA:20,0,1,0
BRDA:20,0,2,0
BRDA:20,0,3,65
BRDA:64,1,0,27
BRDA:64,1,1,12
BRDA:65,2,0,39
BRDA:65,2,1,30
BRDA:71,3,0,0
BRDA:71,3,1,30
BRDA:71,4,0,30
BRDA:71,4,1,30
BRDA:79,5,0,18
BRDA:79,5,1,12
BRDA:86,6,0,2
BRDA:86,6,1,0
BRDA:92,7,0,17
BRDA:92,7,1,11
BRDA:96,8,0,28
BRDA:96,8,1,0
BRDA:98,9,0,28
BRDA:98,9,1,56
BRDA:100,10,0,28
BRDA:100,10,1,0
BRDA:100,11,0,28
BRDA:100,11,1,0
BRDA:102,12,0,28
BRDA:102,12,1,0
BRDA:107,13,0,0
BRDA:107,13,1,56
BRDA:109,14,0,0
BRDA:109,14,1,0
BRDA:109,15,0,0
BRDA:109,15,1,0
BRDA:111,16,0,0
BRDA:111,16,1,0
BRDA:118,17,0,0
BRDA:118,17,1,28
BRDA:119,18,0,0
BRDA:119,18,1,0
BRDA:119,19,0,0
BRDA:119,19,1,0
BRDA:122,20,0,0
BRDA:122,20,1,0
BRDA:129,21,0,0
BRDA:129,21,1,28
BRDA:129,22,0,28
BRDA:129,22,1,0
BRDA:130,23,0,0
BRDA:130,23,1,0
BRDA:133,24,0,17
BRDA:133,24,1,11
BRDA:134,25,0,28
BRDA:134,25,1,0
BRDA:138,26,0,28
BRDA:138,26,1,0
BRDA:148,27,0,5
BRDA:148,27,1,0
BRDA:149,28,0,4
BRDA:149,28,1,1
BRDA:151,29,0,5
BRDA:151,29,1,0
BRDA:153,30,0,5
BRDA:153,30,1,0
BRDA:154,31,0,5
BRDA:154,31,1,0
BRDA:157,32,0,0
BRDA:157,32,1,0
BRDA:170,33,0,112
BRDA:170,33,1,84
BRDA:170,34,0,196
BRDA:170,34,1,112
BRDA:176,35,0,0
BRDA:176,35,1,0
BRF:74
BRH:38
end_of_record
TN:
SF:lib/protocols/SmlUnits.js
FN:86,resolveUnit
FNF:1
FNH:1
FNDA:115,resolveUnit
DA:15,1
DA:87,115
DA:90,1
LF:3
LH:3
BRF:0
BRH:0
end_of_record
TN:
SF:lib/transports/HttpRequestTransport.js
FN:9,HttpRequestTransport
FN:18,(anonymous_1)
FN:22,init
FN:26,process
FN:28,(anonymous_4)
FN:54,(anonymous_5)
FN:66,stop
FNF:7
FNH:7
FNDA:4,HttpRequestTransport
FNDA:2,(anonymous_1)
FNDA:4,init
FNDA:7,process
FNDA:7,(anonymous_4)
FNDA:3,(anonymous_5)
FNDA:5,stop
DA:7,1
DA:10,4
DA:11,4
DA:13,4
DA:14,4
DA:16,4
DA:17,4
DA:18,4
DA:22,1
DA:23,4
DA:26,1
DA:27,7
DA:28,7
DA:29,7
DA:30,7
DA:31,7
DA:33,0
DA:34,0
DA:35,0
DA:37,7
DA:38,7
DA:39,10
DA:40,9
DA:41,9
DA:43,1
DA:45,10
DA:49,0
DA:51,7
DA:52,7
DA:53,6
DA:54,6
DA:55,3
DA:56,3
DA:60,1
DA:66,1
DA:67,5
DA:68,5
DA:69,5
DA:72,1
LF:39
LH:35
BRDA:16,0,0,4
BRDA:16,0,1,0
BRDA:29,1,0,7
BRDA:29,1,1,0
BRDA:29,2,0,7
BRDA:29,2,1,7
BRDA:29,2,2,7
BRDA:33,3,0,0
BRDA:33,3,1,0
BRDA:38,4,0,17
BRDA:38,4,1,14
BRDA:38,4,2,14
BRDA:38,4,3,7
BRDA:39,5,0,9
BRDA:39,5,1,1
BRDA:41,6,0,2
BRDA:41,6,1,7
BRDA:41,7,0,9
BRDA:41,7,1,3
BRDA:49,8,0,0
BRDA:49,8,1,0
BRDA:51,9,0,7
BRDA:51,9,1,0
BRDA:51,10,0,7
BRDA:51,10,1,7
BRDA:52,11,0,6
BRDA:52,11,1,1
BRDA:53,12,0,2
BRDA:53,12,1,4
BRDA:68,13,0,3
BRDA:68,13,1,2
BRDA:69,14,0,4
BRDA:69,14,1,1
BRF:33
BRH:26
end_of_record
TN:
SF:lib/transports/LocalFileTransport.js
FN:9,LocalFileTransport
FN:17,(anonymous_1)
FN:21,init
FN:25,process
FN:28,(anonymous_4)
FN:47,(anonymous_5)
FN:62,(anonymous_6)
FN:71,stop
FNF:8
FNH:7
FNDA:5,LocalFileTransport
FNDA:2,(anonymous_1)
FNDA:5,init
FNDA:9,process
FNDA:8,(anonymous_4)
FNDA:4,(anonymous_5)
FNDA:0,(anonymous_6)
FNDA:6,stop
DA:7,1
DA:10,5
DA:11,5
DA:13,5
DA:14,5
DA:16,5
DA:17,5
DA:21,1
DA:22,5
DA:25,1
DA:26,9
DA:27,9
DA:28,8
DA:29,8
DA:30,8
DA:31,8
DA:32,10
DA:33,10
DA:34,10
DA:37,0
DA:39,10
DA:43,0
DA:45,8
DA:46,8
DA:47,7
DA:48,4
DA:49,4
DA:50,4
DA:54,1
DA:60,1
DA:61,1
DA:62,1
DA:63,0
DA:64,0
DA:65,0
DA:71,1
DA:72,6
DA:73,6
DA:74,6
DA:77,1
LF:40
LH:35
BRDA:27,0,0,8
BRDA:27,0,1,1
BRDA:29,1,0,8
BRDA:29,1,1,0
BRDA:31,2,0,18
BRDA:31,2,1,18
BRDA:31,2,2,12
BRDA:31,2,3,4
BRDA:32,3,0,10
BRDA:32,3,1,0
BRDA:34,4,0,1
BRDA:34,4,1,9
BRDA:34,5,0,10
BRDA:34,5,1,1
BRDA:45,6,0,8
BRDA:45,6,1,0
BRDA:45,7,0,8
BRDA:45,7,1,8
BRDA:46,8,0,7
BRDA:46,8,1,1
BRDA:48,9,0,1
BRDA:48,9,1,3
BRDA:61,10,0,1
BRDA:61,10,1,0
BRDA:61,11,0,1
BRDA:61,11,1,1
BRDA:63,12,0,0
BRDA:63,12,1,0
BRDA:73,13,0,4
BRDA:73,13,1,2
BRDA:74,14,0,5
BRDA:74,14,1,1
BRF:32
BRH:26
end_of_record
TN:
SF:lib/transports/SerialRequestResponseTransport.js
FN:9,SerialRequestResponseTransport
FN:31,(anonymous_1)
FN:34,(anonymous_2)
FN:42,init
FN:58,(anonymous_4)
FN:121,(anonymous_5)
FN:129,sendOutMessages
FN:131,(anonymous_7)
FN:135,(anonymous_8)
FN:136,(anonymous_9)
FN:138,(anonymous_10)
FN:160,finalizeMessageHandling
FN:169,(anonymous_12)
FN:180,(anonymous_13)
FN:209,(anonymous_14)
FN:216,(anonymous_15)
FN:223,(anonymous_16)
FN:230,(anonymous_17)
FN:246,scheduleNextRun
FN:267,(anonymous_19)
FN:276,process
FN:281,(anonymous_21)
FN:283,(anonymous_22)
FN:286,(anonymous_23)
FN:296,sendOutMessages
FN:298,(anonymous_25)
FN:302,(anonymous_26)
FN:303,(anonymous_27)
FN:305,(anonymous_28)
FN:322,finalizeMessageHandling
FN:329,(anonymous_30)
FN:339,stop
FN:353,(anonymous_32)
FN:367,handleSerialTimeout
FNF:34
FNH:31
FNDA:13,SerialRequestResponseTransport
FNDA:3,(anonymous_1)
FNDA:2,(anonymous_2)
FNDA:14,init
FNDA:86,(anonymous_4)
FNDA:42,(anonymous_5)
FNDA:94,sendOutMessages
FNDA:52,(anonymous_7)
FNDA:10,(anonymous_8)
FNDA:10,(anonymous_9)
FNDA:10,(anonymous_10)
FNDA:83,finalizeMessageHandling
FNDA:0,(anonymous_12)
FNDA:41,(anonymous_13)
FNDA:0,(anonymous_14)
FNDA:45,(anonymous_15)
FNDA:0,(anonymous_16)
FNDA:45,(anonymous_17)
FNDA:80,scheduleNextRun
FNDA:32,(anonymous_19)
FNDA:45,process
FNDA:45,(anonymous_21)
FNDA:45,(anonymous_22)
FNDA:45,(anonymous_23)
FNDA:135,sendOutMessages
FNDA:90,(anonymous_25)
FNDA:88,(anonymous_26)
FNDA:88,(anonymous_27)
FNDA:88,(anonymous_28)
FNDA:45,finalizeMessageHandling
FNDA:3,(anonymous_30)
FNDA:17,stop
FNDA:4,(anonymous_32)
FNDA:3,handleSerialTimeout
DA:7,1
DA:10,13
DA:11,13
DA:12,13
DA:13,13
DA:15,13
DA:16,13
DA:17,13
DA:18,13
DA:19,13
DA:21,13
DA:22,13
DA:23,13
DA:24,13
DA:25,13
DA:26,13
DA:27,13
DA:28,13
DA:30,13
DA:31,13
DA:32,3
DA:33,3
DA:34,2
DA:35,2
DA:36,2
DA:42,1
DA:43,14
DA:45,14
DA:46,14
DA:47,14
DA:56,14
DA:58,14
DA:59,86
DA:60,86
DA:61,86
DA:62,86
DA:63,0
DA:64,0
DA:66,86
DA:67,42
DA:68,42
DA:70,0
DA:71,0
DA:72,0
DA:75,86
DA:76,86
DA:77,86
DA:79,86
DA:80,86
DA:81,1
DA:82,1
DA:83,1
DA:85,86
DA:86,1
DA:87,1
DA:88,1
DA:89,1
DA:92,85
DA:93,83
DA:94,83
DA:95,83
DA:96,41
DA:97,41
DA:99,83
DA:101,83
DA:102,83
DA:104,83
DA:105,83
DA:107,0
DA:108,0
DA:109,0
DA:112,83
DA:113,83
DA:114,41
DA:115,41
DA:117,83
DA:118,42
DA:119,42
DA:121,42
DA:122,42
DA:126,41
DA:130,94
DA:131,52
DA:132,52
DA:133,52
DA:134,52
DA:135,10
DA:136,10
DA:137,10
DA:138,10
DA:139,10
DA:143,10
DA:145,42
DA:146,0
DA:147,0
DA:148,0
DA:151,42
DA:155,42
DA:156,42
DA:161,83
DA:162,83
DA:164,83
DA:165,83
DA:166,5
DA:167,5
DA:169,83
DA:170,0
DA:171,0
DA:173,83
DA:174,78
DA:175,78
DA:176,78
DA:178,78
DA:179,78
DA:180,41
DA:181,41
DA:182,0
DA:184,41
DA:188,37
DA:191,83
DA:192,83
DA:195,2
DA:196,0
DA:197,0
DA:198,0
DA:199,0
DA:201,2
DA:202,0
DA:203,0
DA:204,0
DA:209,14
DA:210,0
DA:211,0
DA:212,0
DA:213,0
DA:216,14
DA:217,45
DA:218,45
DA:219,45
DA:220,45
DA:223,14
DA:224,0
DA:225,0
DA:226,0
DA:227,0
DA:230,14
DA:231,45
DA:232,45
DA:233,45
DA:234,45
DA:235,45
DA:236,0
DA:237,0
DA:242,14
DA:243,14
DA:246,1
DA:247,80
DA:248,79
DA:249,36
DA:250,36
DA:252,79
DA:253,79
DA:254,4
DA:256,75
DA:257,1
DA:258,1
DA:259,1
DA:261,78
DA:262,78
DA:263,78
DA:265,78
DA:266,78
DA:267,78
DA:268,32
DA:269,32
DA:270,31
DA:271,32
DA:276,1
DA:277,45
DA:278,45
DA:279,45
DA:280,45
DA:281,45
DA:282,45
DA:283,45
DA:284,45
DA:285,45
DA:286,45
DA:287,45
DA:288,0
DA:290,45
DA:291,45
DA:292,45
DA:294,45
DA:297,135
DA:298,90
DA:299,90
DA:300,90
DA:301,90
DA:302,88
DA:303,88
DA:304,88
DA:305,88
DA:306,88
DA:310,88
DA:313,2
DA:317,45
DA:318,45
DA:323,45
DA:324,0
DA:325,0
DA:327,45
DA:328,45
DA:329,45
DA:330,3
DA:331,3
DA:339,1
DA:340,17
DA:341,17
DA:342,17
DA:343,10
DA:344,10
DA:346,17
DA:347,1
DA:348,1
DA:350,17
DA:351,17
DA:352,4
DA:353,4
DA:354,4
DA:355,0
DA:357,4
DA:358,4
DA:362,13
DA:363,13
DA:367,1
DA:368,3
DA:369,3
DA:372,1
LF:239
LH:204
BRDA:21,0,0,0
BRDA:21,0,1,13
BRDA:22,1,0,13
BRDA:22,1,1,0
BRDA:23,2,0,13
BRDA:23,2,1,0
BRDA:24,3,0,13
BRDA:24,3,1,0
BRDA:25,4,0,12
BRDA:25,4,1,1
BRDA:26,5,0,11
BRDA:26,5,1,2
BRDA:27,6,0,13
BRDA:27,6,1,0
BRDA:28,7,0,0
BRDA:28,7,1,13
BRDA:32,8,0,3
BRDA:32,8,1,0
BRDA:33,9,0,2
BRDA:33,9,1,1
BRDA:46,10,0,14
BRDA:46,10,1,0
BRDA:56,11,0,10
BRDA:56,11,1,4
BRDA:59,12,0,0
BRDA:59,12,1,86
BRDA:59,13,0,86
BRDA:59,13,1,86
BRDA:60,14,0,0
BRDA:60,14,1,86
BRDA:61,15,0,68
BRDA:61,15,1,18
BRDA:62,16,0,0
BRDA:62,16,1,86
BRDA:63,17,0,0
BRDA:63,17,1,0
BRDA:66,18,0,42
BRDA:66,18,1,44
BRDA:70,19,0,0
BRDA:70,19,1,0
BRDA:75,20,0,86
BRDA:75,20,1,0
BRDA:80,21,0,1
BRDA:80,21,1,85
BRDA:81,22,0,1
BRDA:81,22,1,0
BRDA:85,23,0,1
BRDA:85,23,1,85
BRDA:85,24,0,86
BRDA:85,24,1,1
BRDA:86,25,0,1
BRDA:86,25,1,0
BRDA:92,26,0,83
BRDA:92,26,1,2
BRDA:93,27,0,67
BRDA:93,27,1,16
BRDA:95,28,0,41
BRDA:95,28,1,42
BRDA:99,29,0,67
BRDA:99,29,1,16
BRDA:102,30,0,67
BRDA:102,30,1,16
BRDA:102,31,0,67
BRDA:102,31,1,0
BRDA:107,32,0,0
BRDA:107,32,1,0
BRDA:113,33,0,41
BRDA:113,33,1,42
BRDA:113,34,0,83
BRDA:113,34,1,83
BRDA:117,35,0,42
BRDA:117,35,1,41
BRDA:119,36,0,34
BRDA:119,36,1,8
BRDA:130,37,0,52
BRDA:130,37,1,42
BRDA:132,38,0,38
BRDA:132,38,1,14
BRDA:133,39,0,52
BRDA:133,39,1,0
BRDA:133,40,0,52
BRDA:133,40,1,0
BRDA:134,41,0,10
BRDA:134,41,1,42
BRDA:134,42,0,52
BRDA:134,42,1,52
BRDA:137,43,0,4
BRDA:137,43,1,6
BRDA:145,44,0,0
BRDA:145,44,1,42
BRDA:155,45,0,34
BRDA:155,45,1,8
BRDA:161,46,0,67
BRDA:161,46,1,16
BRDA:162,47,0,83
BRDA:162,47,1,0
BRDA:162,48,0,83
BRDA:162,48,1,83
BRDA:164,49,0,67
BRDA:164,49,1,16
BRDA:165,50,0,5
BRDA:165,50,1,78
BRDA:173,51,0,78
BRDA:173,51,1,5
BRDA:174,52,0,78
BRDA:174,52,1,0
BRDA:178,53,0,64
BRDA:178,53,1,14
BRDA:179,54,0,41
BRDA:179,54,1,37
BRDA:179,55,0,78
BRDA:179,55,1,77
BRDA:181,56,0,0
BRDA:181,56,1,41
BRDA:191,57,0,4
BRDA:191,57,1,79
BRDA:191,58,0,83
BRDA:191,58,1,67
BRDA:192,59,0,67
BRDA:192,59,1,16
BRDA:195,60,0,0
BRDA:195,60,1,2
BRDA:197,61,0,0
BRDA:197,61,1,0
BRDA:201,62,0,0
BRDA:201,62,1,2
BRDA:202,63,0,0
BRDA:202,63,1,0
BRDA:210,64,0,0
BRDA:210,64,1,0
BRDA:217,65,0,37
BRDA:217,65,1,8
BRDA:224,66,0,0
BRDA:224,66,1,0
BRDA:231,67,0,37
BRDA:231,67,1,8
BRDA:235,68,0,0
BRDA:235,68,1,45
BRDA:235,69,0,45
BRDA:235,69,1,3
BRDA:236,70,0,0
BRDA:236,70,1,0
BRDA:247,71,0,79
BRDA:247,71,1,1
BRDA:248,72,0,36
BRDA:248,72,1,43
BRDA:253,73,0,4
BRDA:253,73,1,75
BRDA:256,74,0,1
BRDA:256,74,1,74
BRDA:257,75,0,1
BRDA:257,75,1,0
BRDA:261,76,0,64
BRDA:261,76,1,14
BRDA:265,77,0,64
BRDA:265,77,1,14
BRDA:269,78,0,1
BRDA:269,78,1,31
BRDA:282,79,0,0
BRDA:282,79,1,45
BRDA:282,80,0,45
BRDA:282,80,1,45
BRDA:284,81,0,0
BRDA:284,81,1,45
BRDA:284,82,0,45
BRDA:284,82,1,45
BRDA:285,83,0,37
BRDA:285,83,1,8
BRDA:287,84,0,0
BRDA:287,84,1,45
BRDA:290,85,0,0
BRDA:290,85,1,45
BRDA:290,86,0,45
BRDA:290,86,1,45
BRDA:292,87,0,37
BRDA:292,87,1,8
BRDA:297,88,0,90
BRDA:297,88,1,45
BRDA:299,89,0,74
BRDA:299,89,1,16
BRDA:300,90,0,90
BRDA:300,90,1,0
BRDA:300,91,0,90
BRDA:300,91,1,90
BRDA:300,91,2,0
BRDA:301,92,0,88
BRDA:301,92,1,2
BRDA:303,93,0,88
BRDA:303,93,1,88
BRDA:304,94,0,74
BRDA:304,94,1,14
BRDA:317,95,0,37
BRDA:317,95,1,8
BRDA:323,96,0,0
BRDA:323,96,1,45
BRDA:327,97,0,0
BRDA:327,97,1,45
BRDA:327,98,0,45
BRDA:327,98,1,45
BRDA:328,99,0,37
BRDA:328,99,1,8
BRDA:340,100,0,13
BRDA:340,100,1,4
BRDA:342,101,0,10
BRDA:342,101,1,7
BRDA:346,102,0,1
BRDA:346,102,1,16
BRDA:350,103,0,13
BRDA:350,103,1,4
BRDA:351,104,0,4
BRDA:351,104,1,13
BRDA:351,105,0,17
BRDA:351,105,1,14
BRDA:354,106,0,0
BRDA:354,106,1,4
BRDA:358,107,0,3
BRDA:358,107,1,1
BRDA:363,108,0,12
BRDA:363,108,1,1
BRDA:368,109,0,3
BRDA:368,109,1,0
BRF:221
BRH:170
end_of_record
TN:
SF:lib/transports/SerialResponseTransport.js
FN:9,SerialResponseTransport
FN:29,(anonymous_1)
FN:32,(anonymous_2)
FN:40,init
FN:56,(anonymous_4)
FN:101,(anonymous_5)
FN:108,(anonymous_6)
FN:115,(anonymous_7)
FN:122,(anonymous_8)
FN:137,processData
FN:175,(anonymous_10)
FN:196,scheduleNextRun
FN:207,(anonymous_12)
FN:219,(anonymous_13)
FN:228,(anonymous_14)
FN:236,process
FN:238,startIt
FN:244,(anonymous_17)
FN:253,(anonymous_18)
FN:255,(anonymous_19)
FN:265,stop
FN:277,(anonymous_21)
FN:291,handleSerialTimeout
FNF:23
FNH:19
FNDA:12,SerialResponseTransport
FNDA:3,(anonymous_1)
FNDA:3,(anonymous_2)
FNDA:14,init
FNDA:30,(anonymous_4)
FNDA:0,(anonymous_5)
FNDA:18,(anonymous_6)
FNDA:0,(anonymous_7)
FNDA:18,(anonymous_8)
FNDA:39,processData
FNDA:0,(anonymous_10)
FNDA:28,scheduleNextRun
FNDA:10,(anonymous_12)
FNDA:16,(anonymous_13)
FNDA:0,(anonymous_14)
FNDA:28,process
FNDA:28,startIt
FNDA:2,(anonymous_17)
FNDA:18,(anonymous_18)
FNDA:18,(anonymous_19)
FNDA:16,stop
FNDA:8,(anonymous_21)
FNDA:2,handleSerialTimeout
DA:7,1
DA:10,12
DA:11,12
DA:12,12
DA:13,12
DA:15,12
DA:16,12
DA:17,12
DA:18,12
DA:19,12
DA:21,12
DA:22,12
DA:23,12
DA:24,12
DA:25,12
DA:26,12
DA:28,12
DA:29,12
DA:30,3
DA:31,3
DA:32,3
DA:33,3
DA:34,3
DA:40,1
DA:41,14
DA:43,14
DA:44,14
DA:45,14
DA:54,14
DA:56,14
DA:57,30
DA:58,30
DA:59,30
DA:60,0
DA:61,0
DA:64,30
DA:65,17
DA:66,17
DA:68,0
DA:69,0
DA:70,0
DA:73,30
DA:74,30
DA:75,30
DA:76,30
DA:78,30
DA:79,30
DA:80,1
DA:81,1
DA:82,1
DA:84,30
DA:85,9
DA:86,9
DA:88,30
DA:89,0
DA:90,0
DA:91,0
DA:92,0
DA:94,30
DA:95,1
DA:96,1
DA:97,1
DA:101,14
DA:102,0
DA:103,0
DA:104,0
DA:105,0
DA:108,14
DA:109,18
DA:110,18
DA:111,18
DA:112,18
DA:115,14
DA:116,0
DA:117,0
DA:118,0
DA:119,0
DA:122,14
DA:123,18
DA:124,18
DA:125,18
DA:126,18
DA:127,18
DA:128,0
DA:133,14
DA:134,14
DA:137,1
DA:138,39
DA:139,39
DA:140,39
DA:141,30
DA:142,27
DA:143,27
DA:146,30
DA:147,30
DA:148,30
DA:149,30
DA:151,30
DA:152,30
DA:154,0
DA:155,0
DA:156,0
DA:159,30
DA:160,30
DA:161,14
DA:162,14
DA:163,14
DA:165,30
DA:166,5
DA:167,3
DA:170,30
DA:171,30
DA:172,0
DA:173,0
DA:175,30
DA:176,0
DA:177,0
DA:180,30
DA:181,30
DA:183,30
DA:184,25
DA:185,25
DA:186,25
DA:188,25
DA:190,30
DA:191,30
DA:193,9
DA:196,1
DA:197,28
DA:198,28
DA:199,28
DA:200,4
DA:201,4
DA:203,28
DA:204,14
DA:205,14
DA:206,14
DA:207,14
DA:208,10
DA:209,0
DA:213,14
DA:214,1
DA:215,1
DA:216,1
DA:219,27
DA:220,16
DA:221,16
DA:222,14
DA:223,16
DA:225,27
DA:228,0
DA:229,0
DA:230,0
DA:236,1
DA:237,28
DA:239,28
DA:240,0
DA:241,0
DA:243,28
DA:244,28
DA:245,2
DA:246,2
DA:250,28
DA:251,18
DA:252,18
DA:253,18
DA:254,18
DA:255,18
DA:256,18
DA:261,10
DA:265,1
DA:266,16
DA:267,16
DA:268,7
DA:269,7
DA:271,16
DA:272,4
DA:273,4
DA:275,16
DA:276,16
DA:277,8
DA:278,8
DA:279,0
DA:281,8
DA:282,8
DA:286,8
DA:287,8
DA:291,1
DA:292,2
DA:293,2
DA:296,1
LF:191
LH:159
BRDA:21,0,0,0
BRDA:21,0,1,12
BRDA:22,1,0,12
BRDA:22,1,1,0
BRDA:23,2,0,12
BRDA:23,2,1,0
BRDA:24,3,0,12
BRDA:24,3,1,0
BRDA:25,4,0,11
BRDA:25,4,1,1
BRDA:26,5,0,11
BRDA:26,5,1,1
BRDA:30,6,0,3
BRDA:30,6,1,0
BRDA:31,7,0,3
BRDA:31,7,1,0
BRDA:44,8,0,14
BRDA:44,8,1,0
BRDA:54,9,0,9
BRDA:54,9,1,5
BRDA:57,10,0,0
BRDA:57,10,1,30
BRDA:57,11,0,30
BRDA:57,11,1,30
BRDA:58,12,0,0
BRDA:58,12,1,30
BRDA:59,13,0,0
BRDA:59,13,1,30
BRDA:60,14,0,0
BRDA:60,14,1,0
BRDA:64,15,0,17
BRDA:64,15,1,13
BRDA:68,16,0,0
BRDA:68,16,1,0
BRDA:73,17,0,30
BRDA:73,17,1,0
BRDA:74,18,0,19
BRDA:74,18,1,11
BRDA:79,19,0,1
BRDA:79,19,1,29
BRDA:80,20,0,1
BRDA:80,20,1,0
BRDA:84,21,0,39
BRDA:84,21,1,30
BRDA:85,22,0,9
BRDA:85,22,1,0
BRDA:85,23,0,9
BRDA:85,23,1,9
BRDA:86,24,0,0
BRDA:86,24,1,9
BRDA:86,25,0,9
BRDA:86,25,1,1
BRDA:88,26,0,0
BRDA:88,26,1,30
BRDA:90,27,0,0
BRDA:90,27,1,0
BRDA:94,28,0,1
BRDA:94,28,1,29
BRDA:95,29,0,1
BRDA:95,29,1,0
BRDA:102,30,0,0
BRDA:102,30,1,0
BRDA:109,31,0,10
BRDA:109,31,1,8
BRDA:116,32,0,0
BRDA:116,32,1,0
BRDA:123,33,0,10
BRDA:123,33,1,8
BRDA:127,34,0,0
BRDA:127,34,1,18
BRDA:139,35,0,0
BRDA:139,35,1,39
BRDA:139,36,0,39
BRDA:139,36,1,39
BRDA:140,37,0,30
BRDA:140,37,1,9
BRDA:141,38,0,27
BRDA:141,38,1,3
BRDA:146,39,0,19
BRDA:146,39,1,11
BRDA:147,40,0,0
BRDA:147,40,1,30
BRDA:147,41,0,30
BRDA:147,41,1,30
BRDA:154,42,0,0
BRDA:154,42,1,0
BRDA:160,43,0,14
BRDA:160,43,1,16
BRDA:160,44,0,30
BRDA:160,44,1,30
BRDA:163,45,0,12
BRDA:163,45,1,2
BRDA:165,46,0,5
BRDA:165,46,1,25
BRDA:166,47,0,3
BRDA:166,47,1,2
BRDA:166,48,0,5
BRDA:166,48,1,3
BRDA:170,49,0,19
BRDA:170,49,1,11
BRDA:171,50,0,0
BRDA:171,50,1,30
BRDA:180,51,0,19
BRDA:180,51,1,11
BRDA:181,52,0,29
BRDA:181,52,1,1
BRDA:181,53,0,30
BRDA:181,53,1,29
BRDA:183,54,0,25
BRDA:183,54,1,5
BRDA:184,55,0,25
BRDA:184,55,1,0
BRDA:190,56,0,14
BRDA:190,56,1,16
BRDA:190,57,0,30
BRDA:190,57,1,19
BRDA:198,58,0,28
BRDA:198,58,1,0
BRDA:199,59,0,4
BRDA:199,59,1,24
BRDA:203,60,0,14
BRDA:203,60,1,14
BRDA:204,61,0,4
BRDA:204,61,1,10
BRDA:204,62,0,14
BRDA:204,62,1,8
BRDA:207,63,0,10
BRDA:207,63,1,4
BRDA:207,64,0,14
BRDA:207,64,1,10
BRDA:207,64,2,10
BRDA:208,65,0,0
BRDA:208,65,1,10
BRDA:213,66,0,1
BRDA:213,66,1,13
BRDA:214,67,0,0
BRDA:214,67,1,1
BRDA:221,68,0,2
BRDA:221,68,1,14
BRDA:225,69,0,19
BRDA:225,69,1,8
BRDA:228,70,0,0
BRDA:228,70,1,0
BRDA:228,71,0,0
BRDA:228,71,1,0
BRDA:229,72,0,0
BRDA:229,72,1,0
BRDA:239,73,0,0
BRDA:239,73,1,28
BRDA:243,74,0,18
BRDA:243,74,1,10
BRDA:250,75,0,18
BRDA:250,75,1,10
BRDA:250,76,0,28
BRDA:250,76,1,14
BRDA:250,76,2,14
BRDA:254,77,0,0
BRDA:254,77,1,18
BRDA:254,78,0,18
BRDA:254,78,1,18
BRDA:267,79,0,7
BRDA:267,79,1,9
BRDA:271,80,0,4
BRDA:271,80,1,12
BRDA:276,81,0,8
BRDA:276,81,1,8
BRDA:276,82,0,16
BRDA:276,82,1,14
BRDA:278,83,0,0
BRDA:278,83,1,8
BRDA:282,84,0,7
BRDA:282,84,1,1
BRDA:287,85,0,8
BRDA:287,85,1,0
BRDA:292,86,0,2
BRDA:292,86,1,0
BRF:176
BRH:129
end_of_record
TN:
SF:lib/transports/StdInTransport.js
FN:7,StdInTransport
FN:22,(anonymous_1)
FN:25,(anonymous_2)
FN:33,init
FN:41,(anonymous_4)
FN:85,(anonymous_5)
FN:91,(anonymous_6)
FN:101,processData
FN:139,(anonymous_8)
FN:162,scheduleNextRun
FN:181,(anonymous_10)
FN:194,process
FN:208,(anonymous_12)
FN:214,stop
FN:236,handleStdInTimeout
FNF:15
FNH:9
FNDA:4,StdInTransport
FNDA:0,(anonymous_1)
FNDA:0,(anonymous_2)
FNDA:4,init
FNDA:8,(anonymous_4)
FNDA:0,(anonymous_5)
FNDA:1,(anonymous_6)
FNDA:8,processData
FNDA:0,(anonymous_8)
FNDA:6,scheduleNextRun
FNDA:2,(anonymous_10)
FNDA:6,process
FNDA:0,(anonymous_12)
FNDA:6,stop
FNDA:0,handleStdInTimeout
DA:8,4
DA:9,4
DA:10,4
DA:12,4
DA:13,4
DA:14,4
DA:15,4
DA:16,4
DA:18,4
DA:19,4
DA:21,4
DA:22,4
DA:23,0
DA:24,0
DA:25,0
DA:26,0
DA:27,0
DA:33,1
DA:34,4
DA:36,4
DA:37,4
DA:38,4
DA:39,4
DA:41,4
DA:42,8
DA:43,8
DA:44,0
DA:45,0
DA:48,8
DA:49,6
DA:50,6
DA:52,0
DA:53,0
DA:54,0
DA:57,8
DA:58,8
DA:59,8
DA:60,8
DA:62,8
DA:63,8
DA:64,0
DA:65,0
DA:66,0
DA:68,8
DA:69,0
DA:70,0
DA:72,8
DA:73,0
DA:74,0
DA:75,0
DA:76,0
DA:78,8
DA:79,0
DA:80,0
DA:81,0
DA:85,4
DA:86,0
DA:87,0
DA:88,0
DA:91,4
DA:92,1
DA:93,1
DA:97,4
DA:98,4
DA:101,1
DA:102,8
DA:103,8
DA:105,8
DA:106,8
DA:107,8
DA:108,8
DA:111,8
DA:112,8
DA:113,8
DA:115,8
DA:116,8
DA:118,0
DA:119,0
DA:120,0
DA:123,8
DA:124,8
DA:125,2
DA:126,2
DA:127,2
DA:129,8
DA:130,2
DA:131,2
DA:134,8
DA:135,8
DA:136,0
DA:137,0
DA:139,8
DA:140,0
DA:141,0
DA:144,8
DA:145,8
DA:147,8
DA:148,6
DA:149,6
DA:150,6
DA:151,6
DA:153,6
DA:156,8
DA:157,8
DA:159,0
DA:162,1
DA:163,6
DA:164,6
DA:165,0
DA:166,0
DA:168,6
DA:169,5
DA:170,5
DA:171,5
DA:172,5
DA:174,1
DA:175,1
DA:176,1
DA:177,1
DA:180,5
DA:181,5
DA:182,2
DA:183,2
DA:184,2
DA:185,2
DA:187,5
DA:190,0
DA:194,1
DA:195,6
DA:196,6
DA:197,6
DA:198,6
DA:199,6
DA:200,6
DA:202,6
DA:203,6
DA:204,0
DA:205,0
DA:207,6
DA:208,6
DA:209,0
DA:210,0
DA:214,1
DA:215,6
DA:216,6
DA:217,3
DA:218,3
DA:220,6
DA:221,0
DA:222,0
DA:224,6
DA:225,6
DA:226,6
DA:227,6
DA:228,6
DA:229,6
DA:230,6
DA:233,6
DA:236,1
DA:237,0
DA:238,0
DA:241,1
LF:162
LH:118
BRDA:18,0,0,4
BRDA:18,0,1,0
BRDA:19,1,0,4
BRDA:19,1,1,0
BRDA:23,2,0,0
BRDA:23,2,1,0
BRDA:24,3,0,0
BRDA:24,3,1,0
BRDA:37,4,0,4
BRDA:37,4,1,0
BRDA:39,5,0,4
BRDA:39,5,1,0
BRDA:42,6,0,0
BRDA:42,6,1,8
BRDA:42,7,0,8
BRDA:42,7,1,8
BRDA:43,8,0,0
BRDA:43,8,1,8
BRDA:44,9,0,0
BRDA:44,9,1,0
BRDA:48,10,0,6
BRDA:48,10,1,2
BRDA:52,11,0,0
BRDA:52,11,1,0
BRDA:57,12,0,8
BRDA:57,12,1,0
BRDA:58,13,0,8
BRDA:58,13,1,0
BRDA:63,14,0,0
BRDA:63,14,1,8
BRDA:64,15,0,0
BRDA:64,15,1,0
BRDA:68,16,0,8
BRDA:68,16,1,8
BRDA:69,17,0,0
BRDA:69,17,1,0
BRDA:69,18,0,0
BRDA:69,18,1,0
BRDA:70,19,0,0
BRDA:70,19,1,0
BRDA:70,20,0,0
BRDA:70,20,1,0
BRDA:72,21,0,0
BRDA:72,21,1,8
BRDA:74,22,0,0
BRDA:74,22,1,0
BRDA:78,23,0,0
BRDA:78,23,1,8
BRDA:79,24,0,0
BRDA:79,24,1,0
BRDA:86,25,0,0
BRDA:86,25,1,0
BRDA:92,26,0,1
BRDA:92,26,1,0
BRDA:103,27,0,0
BRDA:103,27,1,8
BRDA:103,28,0,8
BRDA:103,28,1,8
BRDA:105,29,0,8
BRDA:105,29,1,0
BRDA:106,30,0,8
BRDA:106,30,1,0
BRDA:111,31,0,8
BRDA:111,31,1,0
BRDA:118,32,0,0
BRDA:118,32,1,0
BRDA:124,33,0,2
BRDA:124,33,1,6
BRDA:124,34,0,8
BRDA:124,34,1,8
BRDA:127,35,0,2
BRDA:127,35,1,0
BRDA:129,36,0,2
BRDA:129,36,1,6
BRDA:130,37,0,2
BRDA:130,37,1,0
BRDA:130,38,0,2
BRDA:130,38,1,2
BRDA:134,39,0,8
BRDA:134,39,1,0
BRDA:135,40,0,0
BRDA:135,40,1,8
BRDA:144,41,0,8
BRDA:144,41,1,0
BRDA:145,42,0,8
BRDA:145,42,1,0
BRDA:145,43,0,8
BRDA:145,43,1,8
BRDA:147,44,0,6
BRDA:147,44,1,2
BRDA:148,45,0,6
BRDA:148,45,1,0
BRDA:149,46,0,6
BRDA:149,46,1,0
BRDA:156,47,0,2
BRDA:156,47,1,6
BRDA:156,48,0,8
BRDA:156,48,1,8
BRDA:163,49,0,6
BRDA:163,49,1,0
BRDA:164,50,0,0
BRDA:164,50,1,6
BRDA:168,51,0,5
BRDA:168,51,1,1
BRDA:169,52,0,2
BRDA:169,52,1,3
BRDA:169,53,0,5
BRDA:169,53,1,5
BRDA:172,54,0,5
BRDA:172,54,1,0
BRDA:174,55,0,1
BRDA:174,55,1,0
BRDA:175,56,0,1
BRDA:175,56,1,0
BRDA:183,57,0,0
BRDA:183,57,1,2
BRDA:187,58,0,5
BRDA:187,58,1,0
BRDA:190,59,0,0
BRDA:190,59,1,0
BRDA:198,60,0,6
BRDA:198,60,1,0
BRDA:203,61,0,0
BRDA:203,61,1,6
BRDA:207,62,0,6
BRDA:207,62,1,0
BRDA:216,63,0,3
BRDA:216,63,1,3
BRDA:220,64,0,0
BRDA:220,64,1,6
BRDA:225,65,0,6
BRDA:225,65,1,0
BRDA:229,66,0,6
BRDA:229,66,1,0
BRDA:233,67,0,4
BRDA:233,67,1,2
BRDA:237,68,0,0
BRDA:237,68,1,0
BRF:138
BRH:71
end_of_record
TN:
SF:lib/transports/TCPTransport.js
FN:9,TCPTransport
FN:29,(anonymous_1)
FN:32,(anonymous_2)
FN:40,init
FN:47,(anonymous_4)
FN:52,(anonymous_5)
FN:98,(anonymous_6)
FN:104,(anonymous_7)
FN:114,processData
FN:153,(anonymous_9)
FN:177,scheduleNextRun
FN:197,(anonymous_11)
FN:211,process
FN:226,(anonymous_13)
FN:232,stop
FN:256,handleSocketTimeout
FNF:16
FNH:0
FNDA:0,TCPTransport
FNDA:0,(anonymous_1)
FNDA:0,(anonymous_2)
FNDA:0,init
FNDA:0,(anonymous_4)
FNDA:0,(anonymous_5)
FNDA:0,(anonymous_6)
FNDA:0,(anonymous_7)
FNDA:0,processData
FNDA:0,(anonymous_9)
FNDA:0,scheduleNextRun
FNDA:0,(anonymous_11)
FNDA:0,process
FNDA:0,(anonymous_13)
FNDA:0,stop
FNDA:0,handleSocketTimeout
DA:7,1
DA:10,0
DA:11,0
DA:12,0
DA:14,0
DA:15,0
DA:16,0
DA:17,0
DA:18,0
DA:19,0
DA:21,0
DA:22,0
DA:23,0
DA:24,0
DA:25,0
DA:28,0
DA:29,0
DA:30,0
DA:31,0
DA:32,0
DA:33,0
DA:34,0
DA:40,1
DA:41,0
DA:43,0
DA:44,0
DA:45,0
DA:47,0
DA:48,0
DA:49,0
DA:52,0
DA:53,0
DA:54,0
DA:55,0
DA:56,0
DA:57,0
DA:60,0
DA:61,0
DA:62,0
DA:64,0
DA:65,0
DA:66,0
DA:70,0
DA:71,0
DA:72,0
DA:73,0
DA:75,0
DA:76,0
DA:77,0
DA:78,0
DA:79,0
DA:81,0
DA:82,0
DA:83,0
DA:85,0
DA:86,0
DA:87,0
DA:88,0
DA:89,0
DA:91,0
DA:92,0
DA:93,0
DA:94,0
DA:98,0
DA:99,0
DA:100,0
DA:101,0
DA:104,0
DA:105,0
DA:106,0
DA:110,0
DA:111,0
DA:114,1
DA:115,0
DA:116,0
DA:118,0
DA:119,0
DA:120,0
DA:121,0
DA:124,0
DA:125,0
DA:127,0
DA:129,0
DA:130,0
DA:132,0
DA:133,0
DA:134,0
DA:137,0
DA:138,0
DA:139,0
DA:140,0
DA:141,0
DA:143,0
DA:144,0
DA:145,0
DA:148,0
DA:149,0
DA:150,0
DA:151,0
DA:153,0
DA:154,0
DA:155,0
DA:158,0
DA:159,0
DA:162,0
DA:163,0
DA:164,0
DA:165,0
DA:166,0
DA:168,0
DA:171,0
DA:172,0
DA:174,0
DA:177,1
DA:178,0
DA:179,0
DA:180,0
DA:181,0
DA:183,0
DA:184,0
DA:185,0
DA:186,0
DA:187,0
DA:190,0
DA:191,0
DA:192,0
DA:193,0
DA:196,0
DA:197,0
DA:198,0
DA:199,0
DA:200,0
DA:201,0
DA:203,0
DA:206,0
DA:211,1
DA:212,0
DA:213,0
DA:214,0
DA:215,0
DA:216,0
DA:217,0
DA:219,0
DA:221,0
DA:222,0
DA:223,0
DA:225,0
DA:226,0
DA:227,0
DA:228,0
DA:232,1
DA:233,0
DA:234,0
DA:235,0
DA:236,0
DA:237,0
DA:239,0
DA:240,0
DA:241,0
DA:243,0
DA:244,0
DA:245,0
DA:246,0
DA:247,0
DA:248,0
DA:249,0
DA:251,0
DA:253,0
DA:256,1
DA:257,0
DA:258,0
DA:261,1
LF:172
LH:8
BRDA:10,0,0,0
BRDA:10,0,1,0
BRDA:21,1,0,0
BRDA:21,1,1,0
BRDA:22,2,0,0
BRDA:22,2,1,0
BRDA:23,3,0,0
BRDA:23,3,1,0
BRDA:24,4,0,0
BRDA:24,4,1,0
BRDA:24,5,0,0
BRDA:24,5,1,0
BRDA:25,6,0,0
BRDA:25,6,1,0
BRDA:30,7,0,0
BRDA:30,7,1,0
BRDA:31,8,0,0
BRDA:31,8,1,0
BRDA:44,9,0,0
BRDA:44,9,1,0
BRDA:48,10,0,0
BRDA:48,10,1,0
BRDA:53,11,0,0
BRDA:53,11,1,0
BRDA:53,12,0,0
BRDA:53,12,1,0
BRDA:54,13,0,0
BRDA:54,13,1,0
BRDA:55,14,0,0
BRDA:55,14,1,0
BRDA:56,15,0,0
BRDA:56,15,1,0
BRDA:60,16,0,0
BRDA:60,16,1,0
BRDA:64,17,0,0
BRDA:64,17,1,0
BRDA:70,18,0,0
BRDA:70,18,1,0
BRDA:71,19,0,0
BRDA:71,19,1,0
BRDA:76,20,0,0
BRDA:76,20,1,0
BRDA:77,21,0,0
BRDA:77,21,1,0
BRDA:81,22,0,0
BRDA:81,22,1,0
BRDA:82,23,0,0
BRDA:82,23,1,0
BRDA:82,24,0,0
BRDA:82,24,1,0
BRDA:83,25,0,0
BRDA:83,25,1,0
BRDA:83,26,0,0
BRDA:83,26,1,0
BRDA:85,27,0,0
BRDA:85,27,1,0
BRDA:87,28,0,0
BRDA:87,28,1,0
BRDA:91,29,0,0
BRDA:91,29,1,0
BRDA:92,30,0,0
BRDA:92,30,1,0
BRDA:99,31,0,0
BRDA:99,31,1,0
BRDA:105,32,0,0
BRDA:105,32,1,0
BRDA:116,33,0,0
BRDA:116,33,1,0
BRDA:116,34,0,0
BRDA:116,34,1,0
BRDA:118,35,0,0
BRDA:118,35,1,0
BRDA:119,36,0,0
BRDA:119,36,1,0
BRDA:124,37,0,0
BRDA:124,37,1,0
BRDA:132,38,0,0
BRDA:132,38,1,0
BRDA:138,39,0,0
BRDA:138,39,1,0
BRDA:138,40,0,0
BRDA:138,40,1,0
BRDA:141,41,0,0
BRDA:141,41,1,0
BRDA:143,42,0,0
BRDA:143,42,1,0
BRDA:144,43,0,0
BRDA:144,43,1,0
BRDA:144,44,0,0
BRDA:144,44,1,0
BRDA:148,45,0,0
BRDA:148,45,1,0
BRDA:149,46,0,0
BRDA:149,46,1,0
BRDA:158,47,0,0
BRDA:158,47,1,0
BRDA:162,48,0,0
BRDA:162,48,1,0
BRDA:163,49,0,0
BRDA:163,49,1,0
BRDA:164,50,0,0
BRDA:164,50,1,0
BRDA:171,51,0,0
BRDA:171,51,1,0
BRDA:171,52,0,0
BRDA:171,52,1,0
BRDA:178,53,0,0
BRDA:178,53,1,0
BRDA:179,54,0,0
BRDA:179,54,1,0
BRDA:184,55,0,0
BRDA:184,55,1,0
BRDA:185,56,0,0
BRDA:185,56,1,0
BRDA:185,57,0,0
BRDA:185,57,1,0
BRDA:190,58,0,0
BRDA:190,58,1,0
BRDA:191,59,0,0
BRDA:191,59,1,0
BRDA:199,60,0,0
BRDA:199,60,1,0
BRDA:203,61,0,0
BRDA:203,61,1,0
BRDA:215,62,0,0
BRDA:215,62,1,0
BRDA:221,63,0,0
BRDA:221,63,1,0
BRDA:225,64,0,0
BRDA:225,64,1,0
BRDA:235,65,0,0
BRDA:235,65,1,0
BRDA:239,66,0,0
BRDA:239,66,1,0
BRDA:244,67,0,0
BRDA:244,67,1,0
BRDA:248,68,0,0
BRDA:248,68,1,0
BRDA:253,69,0,0
BRDA:253,69,1,0
BRDA:257,70,0,0
BRDA:257,70,1,0
BRF:142
BRH:0
end_of_record
